{"logTime": "0601/221346", "correlationVector":"6Jewp+iQG+mIfbXeQXGVoF.1","action":"SyncServerConnectionManagerRequest", "result":"SYNC_SERVER_OK", "context":{"environment":"Prod_brazilsouth_prod-s01-001-sam-brazilsouth", "migrationStage":"NotStarted", "server":"akswtt21200000c"}}
{"logTime": "0601/221346", "correlationVector":"6Jewp+iQG+mIfbXeQXGVoF.2","action":"ProcessGetUpdates", "result":"Done", "context":{"dataType":"Encryption Keys", "deleted":"0", "process_failed_to_decrypt":"0", "process_pending_decryption":"0", "process_success":"1", "total":"1"}}
{"logTime": "0601/221352", "correlationVector":"+cndtE03vkHCrWm+LMBwPb","action":"SyncServerConnectionManagerRequest", "result":"SYNC_SERVER_OK", "context":{"environment":"", "migrationStage":"", "server":""}}
{"logTime": "0601/221352", "correlationVector":"+cndtE03vkHCrWm+LMBwPb.0","action":"EncryptionKeysFetcher.DownloadKeys:", "result":"Success", "context":Key count: 2, Last key timestamp: 2025-04-01T21:05:58Z}
{"logTime": "0601/221352", "correlationVector":"+cndtE03vkHCrWm+LMBwPb.1","action":"EncryptionKeysManager::SetEncryptionKeys:", "result":"Success", "context":Key names[2]:[pJNoVQKXGcRVLL0WKypZVuDwylS7VZKi59GwtWC6Czzc5NiGNKigOSnaA4Awh7riU1JWYwhqR56F4c13JWwYpA==][1CyKcMMDLiyu/jJPCXmPG7MP+KxwuaBBByA5SSn+lHFLDbUVqFqTdAI+6FnyT8ExrjjscDQJADwydgRYvML16w==]}
{"logTime": "0601/221352", "correlationVector":"+cndtE03vkHCrWm+LMBwPb.2","action":"EncryptionKeysManager::SetEncryptionKeysWithTimestamps:", "result":"Success", "context":Key timestamps[2]:[2025-02-06T10:43:08Z][2025-04-01T21:05:58Z]}
{"logTime": "0601/221352", "correlationVector":"6Jewp+iQG+mIfbXeQXGVoF","action":"Initial GetUpdates", "result":"", "context":Reason: NEW_CLIENT. cV=6Jewp+iQG+mIfbXeQXGVoF}
{"logTime": "0601/221352", "correlationVector":"6Jewp+iQG+mIfbXeQXGVoF.3","action":"GetUpdates Response", "result":"Success", "context":Received 1 update(s). cV=6Jewp+iQG+mIfbXeQXGVoF.0;server=akswtt21200000c;cloudType=Consumer;environment=Prod_brazilsouth_prod-s01-001-sam-brazilsouth;migrationStage=NotStarted}
{"logTime": "0601/221352", "correlationVector":"g5aH8yTNglIpsQSvczHTSt","action":"Initial GetUpdates", "result":"", "context":Reason: NEWLY_SUPPORTED_DATATYPE. cV=g5aH8yTNglIpsQSvczHTSt}
{"logTime": "0601/221353", "correlationVector":"g5aH8yTNglIpsQSvczHTSt.1","action":"SyncServerConnectionManagerRequest", "result":"SYNC_SERVER_OK", "context":{"environment":"Prod_brazilsouth_prod-s01-034-sam-brazilsouth", "migrationStage":"NotStarted", "server":"akswtt008000001"}}
{"logTime": "0601/221353", "correlationVector":"g5aH8yTNglIpsQSvczHTSt.2","action":"ProcessGetUpdates", "result":"Done", "context":{"dataType":"Preferences", "deleted":"1", "process_failed_to_decrypt":"0", "process_pending_decryption":"0", "process_success":"52", "total":"52"}}
{"logTime": "0601/221353", "correlationVector":"g5aH8yTNglIpsQSvczHTSt.3","action":"ProcessGetUpdates", "result":"Done", "context":{"dataType":"Device Info", "deleted":"0", "process_failed_to_decrypt":"0", "process_pending_decryption":"0", "process_success":"7", "total":"7"}}
{"logTime": "0601/221353", "correlationVector":"g5aH8yTNglIpsQSvczHTSt.4","action":"GetUpdates Response", "result":"Success", "context":Received 59 update(s). cV=g5aH8yTNglIpsQSvczHTSt.0;server=akswtt008000001;cloudType=Consumer;environment=Prod_brazilsouth_prod-s01-034-sam-brazilsouth;migrationStage=NotStarted}
{"logTime": "0601/221353", "correlationVector":"bbZSONICWlMWrMJUmhatMH","action":"Initial GetUpdates", "result":"", "context":Reason: NEWLY_SUPPORTED_DATATYPE. cV=bbZSONICWlMWrMJUmhatMH}
{"logTime": "0601/221353", "correlationVector":"bbZSONICWlMWrMJUmhatMH.1","action":"SyncServerConnectionManagerRequest", "result":"SYNC_SERVER_OK", "context":{"environment":"Prod_brazilsouth_prod-s01-034-sam-brazilsouth", "migrationStage":"NotStarted", "server":"akswtt00800000j"}}
{"logTime": "0601/221353", "correlationVector":"bbZSONICWlMWrMJUmhatMH.2","action":"ProcessGetUpdates", "result":"Done", "context":{"dataType":"Bookmarks", "deleted":"0", "process_failed_to_decrypt":"0", "process_pending_decryption":"0", "process_success":"7", "total":"7"}}
{"logTime": "0601/221353", "correlationVector":"bbZSONICWlMWrMJUmhatMH.3","action":"GetUpdates Response", "result":"Success", "context":Received 7 update(s). cV=bbZSONICWlMWrMJUmhatMH.0;server=akswtt00800000j;cloudType=Consumer;environment=Prod_brazilsouth_prod-s01-034-sam-brazilsouth;migrationStage=NotStarted}
{"logTime": "0601/221353", "correlationVector":"oijH4HEDbG+PQRO+I+z1UZ","action":"Initial GetUpdates", "result":"", "context":Reason: NEWLY_SUPPORTED_DATATYPE. cV=oijH4HEDbG+PQRO+I+z1UZ}
{"logTime": "0601/221355", "correlationVector":"oijH4HEDbG+PQRO+I+z1UZ.1","action":"SyncServerConnectionManagerRequest", "result":"SYNC_SERVER_OK", "context":{"environment":"Prod_brazilsouth_prod-s01-034-sam-brazilsouth", "migrationStage":"NotStarted", "server":"akswtt008000001"}}
{"logTime": "0601/221355", "correlationVector":"oijH4HEDbG+PQRO+I+z1UZ.2","action":"ProcessGetUpdates", "result":"Done", "context":{"dataType":"Autofill Profiles", "deleted":"0", "process_failed_to_decrypt":"0", "process_pending_decryption":"0", "process_success":"5", "total":"5"}}
{"logTime": "0601/221355", "correlationVector":"oijH4HEDbG+PQRO+I+z1UZ.3","action":"ProcessGetUpdates", "result":"Done", "context":{"dataType":"Autofill", "deleted":"0", "process_failed_to_decrypt":"0", "process_pending_decryption":"0", "process_success":"10", "total":"10"}}
{"logTime": "0601/221355", "correlationVector":"oijH4HEDbG+PQRO+I+z1UZ.4","action":"ProcessGetUpdates", "result":"Done", "context":{"dataType":"Sessions", "deleted":"24", "process_failed_to_decrypt":"0", "process_pending_decryption":"0", "process_success":"34", "total":"34"}}
{"logTime": "0601/221355", "correlationVector":"oijH4HEDbG+PQRO+I+z1UZ.5","action":"ProcessGetUpdates", "result":"Done", "context":{"dataType":"Edge Hub App Usage", "deleted":"0", "process_failed_to_decrypt":"0", "process_pending_decryption":"0", "process_success":"6", "total":"6"}}
{"logTime": "0601/221355", "correlationVector":"oijH4HEDbG+PQRO+I+z1UZ.6","action":"GetUpdates Response", "result":"Success", "context":Received 55 update(s). cV=oijH4HEDbG+PQRO+I+z1UZ.0;server=akswtt008000001;cloudType=Consumer;environment=Prod_brazilsouth_prod-s01-034-sam-brazilsouth;migrationStage=NotStarted}
{"logTime": "0601/221355", "correlationVector":"KOyvQGHE5K+WpOjnB9JV9u","action":"Initial GetUpdates", "result":"", "context":Reason: NEWLY_SUPPORTED_DATATYPE. cV=KOyvQGHE5K+WpOjnB9JV9u}
{"logTime": "0601/221355", "correlationVector":"KOyvQGHE5K+WpOjnB9JV9u.1","action":"SyncServerConnectionManagerRequest", "result":"SYNC_SERVER_OK", "context":{"environment":"Prod_brazilsouth_prod-s01-034-sam-brazilsouth", "migrationStage":"NotStarted", "server":"akswtt008000002"}}
{"logTime": "0601/221355", "correlationVector":"KOyvQGHE5K+WpOjnB9JV9u.2","action":"ProcessGetUpdates", "result":"Done", "context":{"dataType":"History", "deleted":"0", "process_failed_to_decrypt":"0", "process_pending_decryption":"0", "process_success":"35", "total":"35"}}
{"logTime": "0601/221355", "correlationVector":"KOyvQGHE5K+WpOjnB9JV9u.3","action":"GetUpdates Response", "result":"Success", "context":Received 35 update(s). cV=KOyvQGHE5K+WpOjnB9JV9u.0;server=akswtt008000002;cloudType=Consumer;environment=Prod_brazilsouth_prod-s01-034-sam-brazilsouth;migrationStage=NotStarted}
{"logTime": "0601/221355", "correlationVector":"4R4pvC9O4tBSUyMb1ng6hp","action":"Normal GetUpdate request", "result":"", "context":cV=4R4pvC9O4tBSUyMb1ng6hp
Nudged types: Sessions, Device Info, User Consents
Refresh requested types: Bookmarks, Preferences, Passwords, Autofill Profiles, Autofill, Extensions, Sessions, Extension settings, History Delete Directives, Device Info, User Consents, Send Tab To Self, Web Apps, History, Saved Tab Group, WebAuthn Credentials, Collection, Edge E Drop, Edge Hub App Usage, Edge Wallet, Encryption Keys}
{"logTime": "0601/221356", "correlationVector":"4R4pvC9O4tBSUyMb1ng6hp.1","action":"SyncServerConnectionManagerRequest", "result":"SYNC_SERVER_OK", "context":{"environment":"Prod_brazilsouth_prod-s01-034-sam-brazilsouth", "migrationStage":"NotStarted", "server":"akswtt008000007"}}
{"logTime": "0601/221356", "correlationVector":"4R4pvC9O4tBSUyMb1ng6hp.2","action":"GetUpdates Response", "result":"Success", "context":Received 0 update(s). cV=4R4pvC9O4tBSUyMb1ng6hp.0;server=akswtt008000007;cloudType=Consumer;environment=Prod_brazilsouth_prod-s01-034-sam-brazilsouth;migrationStage=NotStarted}
{"logTime": "0601/221356", "correlationVector":"TUGAxpwwkNtyqm4QntltSs","action":"DoCompareDataConsistency requsted types: ", "result":"Bookmarks, Preferences, Passwords, Extensions, Extension settings, History Delete Directives, Send Tab To Self, Web Apps, History, Saved Tab Group, WebAuthn Credentials, Collection, Edge E Drop, Edge Wallet, Encryption Keys"}
{"logTime": "0601/221356", "correlationVector":"TUGAxpwwkNtyqm4QntltSs.0","action":"CompareDataConsistency result: ", "result":"Compare result: Encryption Keys is consistent. local entities count is: 1 local entities hash is: isSXX/TyxcLT1xaKdfVSXv76s+Q="}
{"logTime": "0601/221356", "correlationVector":"TUGAxpwwkNtyqm4QntltSs.1","action":"CompareDataConsistency result: ", "result":"Compare result: Bookmarks is consistent. local entities count is: 2 local entities hash is: wuzyZqKsYHFsbghquEbeh0bmDw8="}
{"logTime": "0601/221356", "correlationVector":"TUGAxpwwkNtyqm4QntltSs.2","action":"CompareDataConsistency result: ", "result":"Compare result: Preferences is consistent. local entities count is: 51 local entities hash is: /ho4gsF9zVKVwA0gLORc6oD431c="}
{"logTime": "0601/221356", "correlationVector":"TUGAxpwwkNtyqm4QntltSs.3","action":"CompareDataConsistency result: ", "result":"Compare result: Extensions is consistent. local entities count is: 0 local entities hash is: "}
{"logTime": "0601/221356", "correlationVector":"TUGAxpwwkNtyqm4QntltSs.4","action":"CompareDataConsistency result: ", "result":"Compare result: Extension settings is consistent. local entities count is: 0 local entities hash is: "}
{"logTime": "0601/221356", "correlationVector":"TUGAxpwwkNtyqm4QntltSs.5","action":"CompareDataConsistency result: ", "result":"Compare result: History Delete Directives is consistent. local entities count is: 0 local entities hash is: "}
{"logTime": "0601/221356", "correlationVector":"TUGAxpwwkNtyqm4QntltSs.6","action":"CompareDataConsistency result: ", "result":"Server did not send this Send Tab To Self local entities count is: 0 local entities hash is: "}
{"logTime": "0601/221356", "correlationVector":"TUGAxpwwkNtyqm4QntltSs.7","action":"CompareDataConsistency result: ", "result":"Compare result: Web Apps is consistent. local entities count is: 0 local entities hash is: "}
{"logTime": "0601/221356", "correlationVector":"TUGAxpwwkNtyqm4QntltSs.8","action":"CompareDataConsistency result: ", "result":"Server did not send this History local entities count is: 0 local entities hash is: "}
{"logTime": "0601/221356", "correlationVector":"TUGAxpwwkNtyqm4QntltSs.9","action":"CompareDataConsistency result: ", "result":"Compare result: Saved Tab Group is consistent. local entities count is: 0 local entities hash is: "}
{"logTime": "0601/221356", "correlationVector":"TUGAxpwwkNtyqm4QntltSs.10","action":"CompareDataConsistency result: ", "result":"Server did not send this WebAuthn Credentials local entities count is: 0 local entities hash is: "}
{"logTime": "0601/221356", "correlationVector":"TUGAxpwwkNtyqm4QntltSs.11","action":"CompareDataConsistency result: ", "result":"Compare result: Collection is consistent. local entities count is: 0 local entities hash is: "}
{"logTime": "0601/221356", "correlationVector":"TUGAxpwwkNtyqm4QntltSs.12","action":"CompareDataConsistency result: ", "result":"Compare result: Edge E Drop is consistent. local entities count is: 0 local entities hash is: "}
{"logTime": "0601/221356", "correlationVector":"TUGAxpwwkNtyqm4QntltSs.13","action":"CompareDataConsistency result: ", "result":"Compare result: Edge Wallet is consistent. local entities count is: 0 local entities hash is: "}
{"logTime": "0601/221356", "correlationVector":"TUGAxpwwkNtyqm4QntltSs.14","action":"CompareDataConsistency result: ", "result":"Compare result: Passwords is consistent. local entities count is: 0 local entities hash is: "}
{"logTime": "0601/221356", "correlationVector":"JEq80sRzy4jH9pydgKtCVZ","action":"Commit Request", "result":"", "context":Item count: 4
Contributing types: Sessions, Device Info, User Consents}
{"logTime": "0601/221357", "correlationVector":"JEq80sRzy4jH9pydgKtCVZ.1","action":"SyncServerConnectionManagerRequest", "result":"SYNC_SERVER_OK", "context":{"environment":"Prod_brazilsouth_prod-s01-034-sam-brazilsouth", "migrationStage":"NotStarted", "server":"akswtt008000019"}}
{"logTime": "0601/221357", "correlationVector":"JEq80sRzy4jH9pydgKtCVZ.2","action":"Commit Response", "result":"Success", "context":Result: Success. cV=JEq80sRzy4jH9pydgKtCVZ.0;server=akswtt008000019;cloudType=Consumer;environment=Prod_brazilsouth_prod-s01-034-sam-brazilsouth;migrationStage=NotStarted}
{"logTime": "0601/221405", "correlationVector":"","action":"DIAGNOSTIC_REQUEST|v1/diagnosticData/Diagnostic.SendCheckResult()|SUCCESS", "result":""}
{"logTime": "0601/221558", "correlationVector":"qvSDibKI2k+Xi5ET1c5OOC.1","action":"SyncServerConnectionManagerRequest", "result":"SYNC_SERVER_OK", "context":{"environment":"Prod_brazilsouth_prod-s01-001-sam-brazilsouth", "migrationStage":"NotStarted", "server":"akswtt212000004"}}
{"logTime": "0601/221558", "correlationVector":"qvSDibKI2k+Xi5ET1c5OOC.2","action":"ProcessGetUpdates", "result":"Done", "context":{"dataType":"Encryption Keys", "deleted":"0", "process_failed_to_decrypt":"0", "process_pending_decryption":"0", "process_success":"1", "total":"1"}}
{"logTime": "0601/221559", "correlationVector":"8tw5gSirtnxeymVlj+KmyU","action":"SyncServerConnectionManagerRequest", "result":"SYNC_SERVER_OK", "context":{"environment":"", "migrationStage":"", "server":""}}
{"logTime": "0601/221559", "correlationVector":"8tw5gSirtnxeymVlj+KmyU.0","action":"EncryptionKeysFetcher.DownloadKeys:", "result":"Success", "context":Key count: 2, Last key timestamp: 2025-04-01T21:05:58Z}
{"logTime": "0601/221559", "correlationVector":"8tw5gSirtnxeymVlj+KmyU.1","action":"EncryptionKeysManager::SetEncryptionKeys:", "result":"Success", "context":Key names[2]:[pJNoVQKXGcRVLL0WKypZVuDwylS7VZKi59GwtWC6Czzc5NiGNKigOSnaA4Awh7riU1JWYwhqR56F4c13JWwYpA==][1CyKcMMDLiyu/jJPCXmPG7MP+KxwuaBBByA5SSn+lHFLDbUVqFqTdAI+6FnyT8ExrjjscDQJADwydgRYvML16w==]}
{"logTime": "0601/221559", "correlationVector":"8tw5gSirtnxeymVlj+KmyU.2","action":"EncryptionKeysManager::SetEncryptionKeysWithTimestamps:", "result":"Success", "context":Key timestamps[2]:[2025-02-06T10:43:08Z][2025-04-01T21:05:58Z]}
{"logTime": "0601/221559", "correlationVector":"qvSDibKI2k+Xi5ET1c5OOC","action":"Initial GetUpdates", "result":"", "context":Reason: NEW_CLIENT. cV=qvSDibKI2k+Xi5ET1c5OOC}
{"logTime": "0601/221559", "correlationVector":"qvSDibKI2k+Xi5ET1c5OOC.3","action":"GetUpdates Response", "result":"Success", "context":Received 1 update(s). cV=qvSDibKI2k+Xi5ET1c5OOC.0;server=akswtt212000004;cloudType=Consumer;environment=Prod_brazilsouth_prod-s01-001-sam-brazilsouth;migrationStage=NotStarted}
{"logTime": "0601/221559", "correlationVector":"r/6ubTaNUNQag6ef7KnZlJ","action":"Initial GetUpdates", "result":"", "context":Reason: NEWLY_SUPPORTED_DATATYPE. cV=r/6ubTaNUNQag6ef7KnZlJ}
{"logTime": "0601/221600", "correlationVector":"r/6ubTaNUNQag6ef7KnZlJ.1","action":"SyncServerConnectionManagerRequest", "result":"SYNC_SERVER_OK", "context":{"environment":"Prod_brazilsouth_prod-s01-001-sam-brazilsouth", "migrationStage":"NotStarted", "server":"akswtt21200001a"}}
{"logTime": "0601/221600", "correlationVector":"r/6ubTaNUNQag6ef7KnZlJ.2","action":"ProcessGetUpdates", "result":"Done", "context":{"dataType":"Bookmarks", "deleted":"0", "process_failed_to_decrypt":"0", "process_pending_decryption":"0", "process_success":"7", "total":"7"}}
{"logTime": "0601/221600", "correlationVector":"r/6ubTaNUNQag6ef7KnZlJ.3","action":"GetUpdates Response", "result":"Success", "context":Received 7 update(s). cV=r/6ubTaNUNQag6ef7KnZlJ.0;server=akswtt21200001a;cloudType=Consumer;environment=Prod_brazilsouth_prod-s01-001-sam-brazilsouth;migrationStage=NotStarted}
{"logTime": "0601/221600", "correlationVector":"NGM0/D/JyTan56hHLAY9dM","action":"Normal GetUpdate request", "result":"", "context":cV=NGM0/D/JyTan56hHLAY9dM
Nudged types: Sessions, User Consents, History
Refresh requested types: Bookmarks, Preferences, Passwords, Autofill Profiles, Autofill, Extensions, Sessions, Extension settings, History Delete Directives, Device Info, User Consents, Send Tab To Self, Web Apps, History, Saved Tab Group, WebAuthn Credentials, Collection, Edge E Drop, Edge Hub App Usage, Edge Wallet, Encryption Keys}
{"logTime": "0601/221601", "correlationVector":"NGM0/D/JyTan56hHLAY9dM.1","action":"SyncServerConnectionManagerRequest", "result":"SYNC_SERVER_OK", "context":{"environment":"Prod_brazilsouth_prod-s01-001-sam-brazilsouth", "migrationStage":"NotStarted", "server":"akswtt21200000l"}}
{"logTime": "0601/221601", "correlationVector":"NGM0/D/JyTan56hHLAY9dM.2","action":"ProcessGetUpdates", "result":"Done", "context":{"dataType":"Sessions", "deleted":"0", "process_failed_to_decrypt":"0", "process_pending_decryption":"0", "process_success":"2", "total":"2"}}
{"logTime": "0601/221601", "correlationVector":"NGM0/D/JyTan56hHLAY9dM.3","action":"ProcessGetUpdates", "result":"Done", "context":{"dataType":"Device Info", "deleted":"0", "process_failed_to_decrypt":"0", "process_pending_decryption":"0", "process_success":"1", "total":"1"}}
{"logTime": "0601/221601", "correlationVector":"NGM0/D/JyTan56hHLAY9dM.4","action":"GetUpdates Response", "result":"Success", "context":Received 3 update(s). cV=NGM0/D/JyTan56hHLAY9dM.0;server=akswtt21200000l;cloudType=Consumer;environment=Prod_brazilsouth_prod-s01-001-sam-brazilsouth;migrationStage=NotStarted}
{"logTime": "0601/221601", "correlationVector":"MApMXk5d1BiNoeBk3LlNbI","action":"Commit Request", "result":"", "context":Item count: 5
Contributing types: Sessions, User Consents, History}
{"logTime": "0601/221602", "correlationVector":"MApMXk5d1BiNoeBk3LlNbI.1","action":"SyncServerConnectionManagerRequest", "result":"SYNC_SERVER_OK", "context":{"environment":"Prod_brazilsouth_prod-s01-001-sam-brazilsouth", "migrationStage":"NotStarted", "server":"akswtt212000015"}}
{"logTime": "0601/221602", "correlationVector":"MApMXk5d1BiNoeBk3LlNbI.2","action":"Commit Response", "result":"Success", "context":Result: Success. cV=MApMXk5d1BiNoeBk3LlNbI.0;server=akswtt212000015;cloudType=Consumer;environment=Prod_brazilsouth_prod-s01-001-sam-brazilsouth;migrationStage=NotStarted}
{"logTime": "0601/221702", "correlationVector":"aOUG9cB1UZsT7XV5MCMBWz","action":"Commit Request", "result":"", "context":Item count: 3
Contributing types: Sessions, History}
{"logTime": "0601/221703", "correlationVector":"aOUG9cB1UZsT7XV5MCMBWz.1","action":"SyncServerConnectionManagerRequest", "result":"SYNC_SERVER_OK", "context":{"environment":"Prod_brazilsouth_prod-s01-034-sam-brazilsouth", "migrationStage":"NotStarted", "server":"akswtt00800001m"}}
{"logTime": "0601/221703", "correlationVector":"aOUG9cB1UZsT7XV5MCMBWz.3","action":"Commit.Sessions", "result":"Success", "context":{"id":"d763be1f-62e7-4e40-9d4a-c404c73a38ce", "isDeleted":"true", "size":"0", "version":"1748816166488"}}
{"logTime": "0601/221703", "correlationVector":"aOUG9cB1UZsT7XV5MCMBWz.2","action":"Commit Response", "result":"Success", "context":Result: Success. cV=aOUG9cB1UZsT7XV5MCMBWz.0;server=akswtt00800001m;cloudType=Consumer;environment=Prod_brazilsouth_prod-s01-034-sam-brazilsouth;migrationStage=NotStarted}
{"logTime": "0601/223340", "correlationVector":"oPigwae+W+FALOUL96rFbP.1","action":"SyncServerConnectionManagerRequest", "result":"SYNC_SERVER_OK", "context":{"environment":"Prod_brazilsouth_prod-s01-001-sam-brazilsouth", "migrationStage":"NotStarted", "server":"akswtt212000008"}}
{"logTime": "0601/223340", "correlationVector":"oPigwae+W+FALOUL96rFbP.2","action":"ProcessGetUpdates", "result":"Done", "context":{"dataType":"Encryption Keys", "deleted":"0", "process_failed_to_decrypt":"0", "process_pending_decryption":"0", "process_success":"1", "total":"1"}}
{"logTime": "0601/223341", "correlationVector":"rao2OkeqoBbauIdggkGGqL","action":"SyncServerConnectionManagerRequest", "result":"SYNC_SERVER_OK", "context":{"environment":"", "migrationStage":"", "server":""}}
{"logTime": "0601/223341", "correlationVector":"rao2OkeqoBbauIdggkGGqL.0","action":"EncryptionKeysFetcher.DownloadKeys:", "result":"Success", "context":Key count: 2, Last key timestamp: 2025-04-01T21:05:58Z}
{"logTime": "0601/223341", "correlationVector":"rao2OkeqoBbauIdggkGGqL.1","action":"EncryptionKeysManager::SetEncryptionKeys:", "result":"Success", "context":Key names[2]:[pJNoVQKXGcRVLL0WKypZVuDwylS7VZKi59GwtWC6Czzc5NiGNKigOSnaA4Awh7riU1JWYwhqR56F4c13JWwYpA==][1CyKcMMDLiyu/jJPCXmPG7MP+KxwuaBBByA5SSn+lHFLDbUVqFqTdAI+6FnyT8ExrjjscDQJADwydgRYvML16w==]}
{"logTime": "0601/223341", "correlationVector":"rao2OkeqoBbauIdggkGGqL.2","action":"EncryptionKeysManager::SetEncryptionKeysWithTimestamps:", "result":"Success", "context":Key timestamps[2]:[2025-02-06T10:43:08Z][2025-04-01T21:05:58Z]}
{"logTime": "0601/223341", "correlationVector":"oPigwae+W+FALOUL96rFbP","action":"Initial GetUpdates", "result":"", "context":Reason: NEW_CLIENT. cV=oPigwae+W+FALOUL96rFbP}
{"logTime": "0601/223341", "correlationVector":"oPigwae+W+FALOUL96rFbP.3","action":"GetUpdates Response", "result":"Success", "context":Received 1 update(s). cV=oPigwae+W+FALOUL96rFbP.0;server=akswtt212000008;cloudType=Consumer;environment=Prod_brazilsouth_prod-s01-001-sam-brazilsouth;migrationStage=NotStarted}
{"logTime": "0601/223341", "correlationVector":"WG4CKPjo/QC8BWrG7kgX/n","action":"Normal GetUpdate request", "result":"", "context":cV=WG4CKPjo/QC8BWrG7kgX/n
Nudged types: Sessions, History
Refresh requested types: Bookmarks, Preferences, Passwords, Autofill Profiles, Autofill, Extensions, Sessions, Extension settings, History Delete Directives, Device Info, User Consents, Send Tab To Self, Web Apps, History, Saved Tab Group, WebAuthn Credentials, Collection, Edge E Drop, Edge Hub App Usage, Edge Wallet, Encryption Keys}
{"logTime": "0601/223342", "correlationVector":"WG4CKPjo/QC8BWrG7kgX/n.1","action":"SyncServerConnectionManagerRequest", "result":"SYNC_SERVER_OK", "context":{"environment":"Prod_brazilsouth_prod-s01-001-sam-brazilsouth", "migrationStage":"NotStarted", "server":"akswtt212000008"}}
{"logTime": "0601/223342", "correlationVector":"WG4CKPjo/QC8BWrG7kgX/n.2","action":"ProcessGetUpdates", "result":"Done", "context":{"dataType":"Sessions", "deleted":"1", "process_failed_to_decrypt":"0", "process_pending_decryption":"0", "process_success":"3", "total":"3"}}
{"logTime": "0601/223342", "correlationVector":"WG4CKPjo/QC8BWrG7kgX/n.3","action":"ProcessGetUpdates", "result":"Done", "context":{"dataType":"History", "deleted":"0", "process_failed_to_decrypt":"0", "process_pending_decryption":"0", "process_success":"2", "total":"2"}}
{"logTime": "0601/223342", "correlationVector":"WG4CKPjo/QC8BWrG7kgX/n.4","action":"GetUpdates Response", "result":"Success", "context":Received 5 update(s). cV=WG4CKPjo/QC8BWrG7kgX/n.0;server=akswtt212000008;cloudType=Consumer;environment=Prod_brazilsouth_prod-s01-001-sam-brazilsouth;migrationStage=NotStarted}
{"logTime": "0601/223342", "correlationVector":"5k7JKAqboRHnQcpc3l9nsW","action":"Commit Request", "result":"", "context":Item count: 4
Contributing types: Sessions, History}
{"logTime": "0601/223343", "correlationVector":"5k7JKAqboRHnQcpc3l9nsW.1","action":"SyncServerConnectionManagerRequest", "result":"SYNC_SERVER_OK", "context":{"environment":"Prod_brazilsouth_prod-s01-001-sam-brazilsouth", "migrationStage":"NotStarted", "server":"akswtt21200001z"}}
{"logTime": "0601/223343", "correlationVector":"5k7JKAqboRHnQcpc3l9nsW.2","action":"Commit Response", "result":"Success", "context":Result: Success. cV=5k7JKAqboRHnQcpc3l9nsW.0;server=akswtt21200001z;cloudType=Consumer;environment=Prod_brazilsouth_prod-s01-001-sam-brazilsouth;migrationStage=NotStarted}
{"logTime": "0601/223443", "correlationVector":"vKPAG91J3HXQ0CU5FDJs1/","action":"Commit Request", "result":"", "context":Item count: 3
Contributing types: Sessions, History}
{"logTime": "0601/223443", "correlationVector":"vKPAG91J3HXQ0CU5FDJs1/.1","action":"SyncServerConnectionManagerRequest", "result":"SYNC_SERVER_OK", "context":{"environment":"Prod_brazilsouth_prod-s01-034-sam-brazilsouth", "migrationStage":"NotStarted", "server":"akswtt008000012"}}
{"logTime": "0601/223443", "correlationVector":"vKPAG91J3HXQ0CU5FDJs1/.2","action":"Commit Response", "result":"Success", "context":Result: Success. cV=vKPAG91J3HXQ0CU5FDJs1/.0;server=akswtt008000012;cloudType=Consumer;environment=Prod_brazilsouth_prod-s01-034-sam-brazilsouth;migrationStage=NotStarted}
{"logTime": "0601/223443", "correlationVector":"vKPAG91J3HXQ0CU5FDJs1/.3","action":"Commit.Sessions", "result":"Success", "context":{"id":"85380d3d-06c3-4b6b-8766-c78f643e4cbc", "isDeleted":"true", "size":"0", "version":"1748817227578"}}
{"logTime": "0601/223701", "correlationVector":"lXXQh3X/ujkEX+3muocxUz","action":"Commit Request", "result":"", "context":Item count: 1
Contributing types: History}
{"logTime": "0601/223702", "correlationVector":"lXXQh3X/ujkEX+3muocxUz.1","action":"SyncServerConnectionManagerRequest", "result":"SYNC_SERVER_OK", "context":{"environment":"Prod_brazilsouth_prod-s01-001-sam-brazilsouth", "migrationStage":"NotStarted", "server":"akswtt21200000n"}}
{"logTime": "0601/223702", "correlationVector":"lXXQh3X/ujkEX+3muocxUz.2","action":"Commit Response", "result":"Success", "context":Result: Success. cV=lXXQh3X/ujkEX+3muocxUz.0;server=akswtt21200000n;cloudType=Consumer;environment=Prod_brazilsouth_prod-s01-001-sam-brazilsouth;migrationStage=NotStarted}
{"logTime": "0601/224247", "correlationVector":"2G4vmR7QC/opNf6lGiDBtr","action":"Commit Request", "result":"", "context":Item count: 6
Contributing types: Sessions, History}
{"logTime": "0601/224248", "correlationVector":"2G4vmR7QC/opNf6lGiDBtr.1","action":"SyncServerConnectionManagerRequest", "result":"SYNC_SERVER_OK", "context":{"environment":"Prod_brazilsouth_prod-s01-001-sam-brazilsouth", "migrationStage":"NotStarted", "server":"akswtt21200000g"}}
{"logTime": "0601/224248", "correlationVector":"2G4vmR7QC/opNf6lGiDBtr.2","action":"Commit Response", "result":"Success", "context":Result: Success. cV=2G4vmR7QC/opNf6lGiDBtr.0;server=akswtt21200000g;cloudType=Consumer;environment=Prod_brazilsouth_prod-s01-001-sam-brazilsouth;migrationStage=NotStarted}
{"logTime": "0601/224908", "correlationVector":"jBptRWJb31KbJ4SrBW9P+i","action":"Commit Request", "result":"", "context":Item count: 4
Contributing types: Sessions, History}
{"logTime": "0601/224909", "correlationVector":"jBptRWJb31KbJ4SrBW9P+i.1","action":"SyncServerConnectionManagerRequest", "result":"SYNC_SERVER_OK", "context":{"environment":"Prod_brazilsouth_prod-s01-001-sam-brazilsouth", "migrationStage":"NotStarted", "server":"akswtt212000019"}}
{"logTime": "0601/224909", "correlationVector":"jBptRWJb31KbJ4SrBW9P+i.2","action":"Commit Response", "result":"Success", "context":Result: Success. cV=jBptRWJb31KbJ4SrBW9P+i.0;server=akswtt212000019;cloudType=Consumer;environment=Prod_brazilsouth_prod-s01-001-sam-brazilsouth;migrationStage=NotStarted}
{"logTime": "0601/225134", "correlationVector":"N0eHVM4r6+patJ4UutFkCE","action":"Commit Request", "result":"", "context":Item count: 1
Contributing types: Sessions}
{"logTime": "0601/225135", "correlationVector":"N0eHVM4r6+patJ4UutFkCE.1","action":"SyncServerConnectionManagerRequest", "result":"SYNC_SERVER_OK", "context":{"environment":"Prod_brazilsouth_prod-s01-034-sam-brazilsouth", "migrationStage":"NotStarted", "server":"akswtt008000016"}}
{"logTime": "0601/225135", "correlationVector":"N0eHVM4r6+patJ4UutFkCE.2","action":"Commit Response", "result":"Success", "context":Result: Success. cV=N0eHVM4r6+patJ4UutFkCE.0;server=akswtt008000016;cloudType=Consumer;environment=Prod_brazilsouth_prod-s01-034-sam-brazilsouth;migrationStage=NotStarted}
{"logTime": "0601/225258", "correlationVector":"A0AyV61CyGF/SVOdupiAWx","action":"Commit Request", "result":"", "context":Item count: 1
Contributing types: Sessions}
{"logTime": "0601/225259", "correlationVector":"A0AyV61CyGF/SVOdupiAWx.1","action":"SyncServerConnectionManagerRequest", "result":"SYNC_SERVER_OK", "context":{"environment":"Prod_brazilsouth_prod-s01-001-sam-brazilsouth", "migrationStage":"NotStarted", "server":"akswtt21200000r"}}
{"logTime": "0601/225259", "correlationVector":"A0AyV61CyGF/SVOdupiAWx.2","action":"Commit Response", "result":"Success", "context":Result: Success. cV=A0AyV61CyGF/SVOdupiAWx.0;server=akswtt21200000r;cloudType=Consumer;environment=Prod_brazilsouth_prod-s01-001-sam-brazilsouth;migrationStage=NotStarted}
{"logTime": "0601/225406", "correlationVector":"/MWIBcQfbxhuVoSV3kXDm5","action":"Commit Request", "result":"", "context":Item count: 6
Contributing types: Sessions, History}
{"logTime": "0601/225407", "correlationVector":"/MWIBcQfbxhuVoSV3kXDm5.1","action":"SyncServerConnectionManagerRequest", "result":"SYNC_SERVER_OK", "context":{"environment":"Prod_brazilsouth_prod-s01-034-sam-brazilsouth", "migrationStage":"NotStarted", "server":"akswtt00800001e"}}
{"logTime": "0601/225407", "correlationVector":"/MWIBcQfbxhuVoSV3kXDm5.2","action":"Commit Response", "result":"Success", "context":Result: Success. cV=/MWIBcQfbxhuVoSV3kXDm5.0;server=akswtt00800001e;cloudType=Consumer;environment=Prod_brazilsouth_prod-s01-034-sam-brazilsouth;migrationStage=NotStarted}
{"logTime": "0601/225518", "correlationVector":"7ML4h5KT7G+X/4ESH4HyYv","action":"Commit Request", "result":"", "context":Item count: 1
Contributing types: Sessions}
{"logTime": "0601/225520", "correlationVector":"7ML4h5KT7G+X/4ESH4HyYv.1","action":"SyncServerConnectionManagerRequest", "result":"SYNC_SERVER_OK", "context":{"environment":"Prod_brazilsouth_prod-s01-001-sam-brazilsouth", "migrationStage":"NotStarted", "server":"akswtt21200001z"}}
{"logTime": "0601/225520", "correlationVector":"7ML4h5KT7G+X/4ESH4HyYv.2","action":"Commit Response", "result":"Success", "context":Result: Success. cV=7ML4h5KT7G+X/4ESH4HyYv.0;server=akswtt21200001z;cloudType=Consumer;environment=Prod_brazilsouth_prod-s01-001-sam-brazilsouth;migrationStage=NotStarted}
{"logTime": "0601/225712", "correlationVector":"3MZZkbzwAV/WiMx+uR67cU","action":"Commit Request", "result":"", "context":Item count: 1
Contributing types: Sessions}
{"logTime": "0601/225712", "correlationVector":"3MZZkbzwAV/WiMx+uR67cU.1","action":"SyncServerConnectionManagerRequest", "result":"SYNC_SERVER_OK", "context":{"environment":"Prod_brazilsouth_prod-s01-001-sam-brazilsouth", "migrationStage":"NotStarted", "server":"akswtt21200000s"}}
{"logTime": "0601/225712", "correlationVector":"3MZZkbzwAV/WiMx+uR67cU.2","action":"Commit Response", "result":"Success", "context":Result: Success. cV=3MZZkbzwAV/WiMx+uR67cU.0;server=akswtt21200000s;cloudType=Consumer;environment=Prod_brazilsouth_prod-s01-001-sam-brazilsouth;migrationStage=NotStarted}
{"logTime": "0601/225841", "correlationVector":"4MlxqLHdhllv7qbbL+Cf+6.1","action":"SyncServerConnectionManagerRequest", "result":"SYNC_SERVER_OK", "context":{"environment":"Prod_brazilsouth_prod-s01-001-sam-brazilsouth", "migrationStage":"NotStarted", "server":"akswtt212000022"}}
{"logTime": "0601/225841", "correlationVector":"4MlxqLHdhllv7qbbL+Cf+6.2","action":"ProcessGetUpdates", "result":"Done", "context":{"dataType":"Encryption Keys", "deleted":"0", "process_failed_to_decrypt":"0", "process_pending_decryption":"0", "process_success":"1", "total":"1"}}
{"logTime": "0601/225841", "correlationVector":"rmE8HXC8kTq0isiMynMPpo","action":"SyncServerConnectionManagerRequest", "result":"SYNC_SERVER_OK", "context":{"environment":"", "migrationStage":"", "server":""}}
{"logTime": "0601/225841", "correlationVector":"rmE8HXC8kTq0isiMynMPpo.0","action":"EncryptionKeysFetcher.DownloadKeys:", "result":"Success", "context":Key count: 2, Last key timestamp: 2025-04-01T21:05:58Z}
{"logTime": "0601/225841", "correlationVector":"rmE8HXC8kTq0isiMynMPpo.1","action":"EncryptionKeysManager::SetEncryptionKeys:", "result":"Success", "context":Key names[2]:[pJNoVQKXGcRVLL0WKypZVuDwylS7VZKi59GwtWC6Czzc5NiGNKigOSnaA4Awh7riU1JWYwhqR56F4c13JWwYpA==][1CyKcMMDLiyu/jJPCXmPG7MP+KxwuaBBByA5SSn+lHFLDbUVqFqTdAI+6FnyT8ExrjjscDQJADwydgRYvML16w==]}
{"logTime": "0601/225841", "correlationVector":"rmE8HXC8kTq0isiMynMPpo.2","action":"EncryptionKeysManager::SetEncryptionKeysWithTimestamps:", "result":"Success", "context":Key timestamps[2]:[2025-02-06T10:43:08Z][2025-04-01T21:05:58Z]}
{"logTime": "0601/225841", "correlationVector":"4MlxqLHdhllv7qbbL+Cf+6","action":"Initial GetUpdates", "result":"", "context":Reason: NEW_CLIENT. cV=4MlxqLHdhllv7qbbL+Cf+6}
{"logTime": "0601/225841", "correlationVector":"4MlxqLHdhllv7qbbL+Cf+6.3","action":"GetUpdates Response", "result":"Success", "context":Received 1 update(s). cV=4MlxqLHdhllv7qbbL+Cf+6.0;server=akswtt212000022;cloudType=Consumer;environment=Prod_brazilsouth_prod-s01-001-sam-brazilsouth;migrationStage=NotStarted}
{"logTime": "0601/225841", "correlationVector":"K7hS6vKDc/gj/+TT/loyA0","action":"Normal GetUpdate request", "result":"", "context":cV=K7hS6vKDc/gj/+TT/loyA0
Nudged types: Sessions, History
Refresh requested types: Bookmarks, Preferences, Passwords, Autofill Profiles, Autofill, Extensions, Sessions, Extension settings, History Delete Directives, Device Info, User Consents, Send Tab To Self, Web Apps, History, Saved Tab Group, WebAuthn Credentials, Collection, Edge E Drop, Edge Hub App Usage, Edge Wallet, Encryption Keys}
{"logTime": "0601/225842", "correlationVector":"K7hS6vKDc/gj/+TT/loyA0.1","action":"SyncServerConnectionManagerRequest", "result":"SYNC_SERVER_OK", "context":{"environment":"Prod_brazilsouth_prod-s01-001-sam-brazilsouth", "migrationStage":"NotStarted", "server":"akswtt21200000a"}}
{"logTime": "0601/225842", "correlationVector":"K7hS6vKDc/gj/+TT/loyA0.2","action":"ProcessGetUpdates", "result":"Done", "context":{"dataType":"Sessions", "deleted":"1", "process_failed_to_decrypt":"0", "process_pending_decryption":"0", "process_success":"3", "total":"3"}}
{"logTime": "0601/225842", "correlationVector":"K7hS6vKDc/gj/+TT/loyA0.3","action":"ProcessGetUpdates", "result":"Done", "context":{"dataType":"History", "deleted":"0", "process_failed_to_decrypt":"0", "process_pending_decryption":"0", "process_success":"12", "total":"12"}}
{"logTime": "0601/225842", "correlationVector":"K7hS6vKDc/gj/+TT/loyA0.4","action":"GetUpdates Response", "result":"Success", "context":Received 15 update(s). cV=K7hS6vKDc/gj/+TT/loyA0.0;server=akswtt21200000a;cloudType=Consumer;environment=Prod_brazilsouth_prod-s01-001-sam-brazilsouth;migrationStage=NotStarted}
{"logTime": "0601/225842", "correlationVector":"scc72T8UynU8lPKGSOlnJk","action":"Commit Request", "result":"", "context":Item count: 4
Contributing types: Sessions, History}
{"logTime": "0601/225843", "correlationVector":"scc72T8UynU8lPKGSOlnJk.1","action":"SyncServerConnectionManagerRequest", "result":"SYNC_SERVER_OK", "context":{"environment":"Prod_brazilsouth_prod-s01-001-sam-brazilsouth", "migrationStage":"NotStarted", "server":"akswtt21200000a"}}
{"logTime": "0601/225843", "correlationVector":"scc72T8UynU8lPKGSOlnJk.2","action":"Commit Response", "result":"Success", "context":Result: Success. cV=scc72T8UynU8lPKGSOlnJk.0;server=akswtt21200000a;cloudType=Consumer;environment=Prod_brazilsouth_prod-s01-001-sam-brazilsouth;migrationStage=NotStarted}
{"logTime": "0601/225943", "correlationVector":"iLZHwRk9END+3ihjuDd8Ue","action":"Commit Request", "result":"", "context":Item count: 3
Contributing types: Sessions, History}
{"logTime": "0601/225943", "correlationVector":"iLZHwRk9END+3ihjuDd8Ue.1","action":"SyncServerConnectionManagerRequest", "result":"SYNC_SERVER_OK", "context":{"environment":"Prod_brazilsouth_prod-s01-001-sam-brazilsouth", "migrationStage":"NotStarted", "server":"akswtt21200000a"}}
{"logTime": "0601/225943", "correlationVector":"iLZHwRk9END+3ihjuDd8Ue.3","action":"Commit.Sessions", "result":"Success", "context":{"id":"581c57fc-accc-4607-ae08-9501b0d5358e", "isDeleted":"true", "size":"0", "version":"1748818727252"}}
{"logTime": "0601/225943", "correlationVector":"iLZHwRk9END+3ihjuDd8Ue.2","action":"Commit Response", "result":"Success", "context":Result: Success. cV=iLZHwRk9END+3ihjuDd8Ue.0;server=akswtt21200000a;cloudType=Consumer;environment=Prod_brazilsouth_prod-s01-001-sam-brazilsouth;migrationStage=NotStarted}
{"logTime": "0601/230152", "correlationVector":"K8cgFb9XRXzED0A0O70D7n","action":"Commit Request", "result":"", "context":Item count: 1
Contributing types: Sessions}
{"logTime": "0601/230153", "correlationVector":"K8cgFb9XRXzED0A0O70D7n.1","action":"SyncServerConnectionManagerRequest", "result":"SYNC_SERVER_OK", "context":{"environment":"Prod_brazilsouth_prod-s01-034-sam-brazilsouth", "migrationStage":"NotStarted", "server":"akswtt00800000h"}}
{"logTime": "0601/230153", "correlationVector":"K8cgFb9XRXzED0A0O70D7n.2","action":"Commit Response", "result":"Success", "context":Result: Success. cV=K8cgFb9XRXzED0A0O70D7n.0;server=akswtt00800000h;cloudType=Consumer;environment=Prod_brazilsouth_prod-s01-034-sam-brazilsouth;migrationStage=NotStarted}
{"logTime": "0601/230303", "correlationVector":"RdXz6tr7KlOKjaHTuGAKUa","action":"Commit Request", "result":"", "context":Item count: 1
Contributing types: Sessions}
{"logTime": "0601/230303", "correlationVector":"RdXz6tr7KlOKjaHTuGAKUa.1","action":"SyncServerConnectionManagerRequest", "result":"SYNC_SERVER_OK", "context":{"environment":"Prod_brazilsouth_prod-s01-001-sam-brazilsouth", "migrationStage":"NotStarted", "server":"akswtt212000003"}}
{"logTime": "0601/230303", "correlationVector":"RdXz6tr7KlOKjaHTuGAKUa.2","action":"Commit Response", "result":"Success", "context":Result: Success. cV=RdXz6tr7KlOKjaHTuGAKUa.0;server=akswtt212000003;cloudType=Consumer;environment=Prod_brazilsouth_prod-s01-001-sam-brazilsouth;migrationStage=NotStarted}
{"logTime": "0601/230411", "correlationVector":"LZqwMHL80DdgO3vcTrqz5K","action":"Commit Request", "result":"", "context":Item count: 1
Contributing types: Sessions}
{"logTime": "0601/230412", "correlationVector":"LZqwMHL80DdgO3vcTrqz5K.1","action":"SyncServerConnectionManagerRequest", "result":"SYNC_SERVER_OK", "context":{"environment":"Prod_brazilsouth_prod-s01-034-sam-brazilsouth", "migrationStage":"NotStarted", "server":"akswtt00800000w"}}
{"logTime": "0601/230412", "correlationVector":"LZqwMHL80DdgO3vcTrqz5K.2","action":"Commit Response", "result":"Success", "context":Result: Success. cV=LZqwMHL80DdgO3vcTrqz5K.0;server=akswtt00800000w;cloudType=Consumer;environment=Prod_brazilsouth_prod-s01-034-sam-brazilsouth;migrationStage=NotStarted}
{"logTime": "0601/230513", "correlationVector":"zjUK/fuUbktnxVQOWsB7dW","action":"Commit Request", "result":"", "context":Item count: 1
Contributing types: Sessions}
{"logTime": "0601/230513", "correlationVector":"zjUK/fuUbktnxVQOWsB7dW.1","action":"SyncServerConnectionManagerRequest", "result":"SYNC_SERVER_OK", "context":{"environment":"Prod_brazilsouth_prod-s01-034-sam-brazilsouth", "migrationStage":"NotStarted", "server":"akswtt00800001n"}}
{"logTime": "0601/230513", "correlationVector":"zjUK/fuUbktnxVQOWsB7dW.2","action":"Commit Response", "result":"Success", "context":Result: Success. cV=zjUK/fuUbktnxVQOWsB7dW.0;server=akswtt00800001n;cloudType=Consumer;environment=Prod_brazilsouth_prod-s01-034-sam-brazilsouth;migrationStage=NotStarted}
{"logTime": "0601/230935", "correlationVector":"l15zuJsvwF1NpNYsJqv1Fi","action":"Commit Request", "result":"", "context":Item count: 1
Contributing types: Sessions}
{"logTime": "0601/230935", "correlationVector":"l15zuJsvwF1NpNYsJqv1Fi.1","action":"SyncServerConnectionManagerRequest", "result":"SYNC_SERVER_OK", "context":{"environment":"Prod_brazilsouth_prod-s01-001-sam-brazilsouth", "migrationStage":"NotStarted", "server":"akswtt21200000c"}}
{"logTime": "0601/230935", "correlationVector":"l15zuJsvwF1NpNYsJqv1Fi.2","action":"Commit Response", "result":"Success", "context":Result: Success. cV=l15zuJsvwF1NpNYsJqv1Fi.0;server=akswtt21200000c;cloudType=Consumer;environment=Prod_brazilsouth_prod-s01-001-sam-brazilsouth;migrationStage=NotStarted}
{"logTime": "0601/231825", "correlationVector":"bZMAHnOeKET6gtpi3c8F3n","action":"Commit Request", "result":"", "context":Item count: 1
Contributing types: Sessions}
{"logTime": "0601/231826", "correlationVector":"bZMAHnOeKET6gtpi3c8F3n.1","action":"SyncServerConnectionManagerRequest", "result":"SYNC_SERVER_OK", "context":{"environment":"Prod_brazilsouth_prod-s01-034-sam-brazilsouth", "migrationStage":"NotStarted", "server":"akswtt00800001n"}}
{"logTime": "0601/231826", "correlationVector":"bZMAHnOeKET6gtpi3c8F3n.2","action":"Commit Response", "result":"Success", "context":Result: Success. cV=bZMAHnOeKET6gtpi3c8F3n.0;server=akswtt00800001n;cloudType=Consumer;environment=Prod_brazilsouth_prod-s01-034-sam-brazilsouth;migrationStage=NotStarted}
{"logTime": "0601/232411", "correlationVector":"gzI+6uOQ9/8LF71uHd2bn/","action":"Commit Request", "result":"", "context":Item count: 1
Contributing types: Sessions}
{"logTime": "0601/232411", "correlationVector":"gzI+6uOQ9/8LF71uHd2bn/.1","action":"SyncServerConnectionManagerRequest", "result":"SYNC_SERVER_OK", "context":{"environment":"Prod_brazilsouth_prod-s01-001-sam-brazilsouth", "migrationStage":"NotStarted", "server":"akswtt212000003"}}
{"logTime": "0601/232411", "correlationVector":"gzI+6uOQ9/8LF71uHd2bn/.2","action":"Commit Response", "result":"Success", "context":Result: Success. cV=gzI+6uOQ9/8LF71uHd2bn/.0;server=akswtt212000003;cloudType=Consumer;environment=Prod_brazilsouth_prod-s01-001-sam-brazilsouth;migrationStage=NotStarted}
{"logTime": "0601/233107", "correlationVector":"fUucW3/Mmzbb/Jxep0VXKm","action":"Commit Request", "result":"", "context":Item count: 3
Contributing types: Sessions, History}
{"logTime": "0601/233108", "correlationVector":"fUucW3/Mmzbb/Jxep0VXKm.1","action":"SyncServerConnectionManagerRequest", "result":"SYNC_SERVER_OK", "context":{"environment":"Prod_brazilsouth_prod-s01-001-sam-brazilsouth", "migrationStage":"NotStarted", "server":"akswtt212000017"}}
{"logTime": "0601/233108", "correlationVector":"fUucW3/Mmzbb/Jxep0VXKm.2","action":"Commit Response", "result":"Success", "context":Result: Success. cV=fUucW3/Mmzbb/Jxep0VXKm.0;server=akswtt212000017;cloudType=Consumer;environment=Prod_brazilsouth_prod-s01-001-sam-brazilsouth;migrationStage=NotStarted}
{"logTime": "0601/233242", "correlationVector":"B67C2C6aa+AkXrELEgd4fn","action":"Commit Request", "result":"", "context":Item count: 1
Contributing types: Sessions}
{"logTime": "0601/233243", "correlationVector":"B67C2C6aa+AkXrELEgd4fn.1","action":"SyncServerConnectionManagerRequest", "result":"SYNC_SERVER_OK", "context":{"environment":"Prod_brazilsouth_prod-s01-034-sam-brazilsouth", "migrationStage":"NotStarted", "server":"akswtt00800000z"}}
{"logTime": "0601/233243", "correlationVector":"B67C2C6aa+AkXrELEgd4fn.2","action":"Commit Response", "result":"Success", "context":Result: Success. cV=B67C2C6aa+AkXrELEgd4fn.0;server=akswtt00800000z;cloudType=Consumer;environment=Prod_brazilsouth_prod-s01-034-sam-brazilsouth;migrationStage=NotStarted}
{"logTime": "0601/233529", "correlationVector":"CQr+o5W6Nlg2yp3z17UOOm","action":"Commit Request", "result":"", "context":Item count: 1
Contributing types: Sessions}
{"logTime": "0601/233530", "correlationVector":"CQr+o5W6Nlg2yp3z17UOOm.1","action":"SyncServerConnectionManagerRequest", "result":"SYNC_SERVER_OK", "context":{"environment":"Prod_brazilsouth_prod-s01-034-sam-brazilsouth", "migrationStage":"NotStarted", "server":"akswtt00800000f"}}
{"logTime": "0601/233530", "correlationVector":"CQr+o5W6Nlg2yp3z17UOOm.2","action":"Commit Response", "result":"Success", "context":Result: Success. cV=CQr+o5W6Nlg2yp3z17UOOm.0;server=akswtt00800000f;cloudType=Consumer;environment=Prod_brazilsouth_prod-s01-034-sam-brazilsouth;migrationStage=NotStarted}
{"logTime": "0601/233923", "correlationVector":"7suhQ+w1kHE52zoQkSei1Z","action":"Commit Request", "result":"", "context":Item count: 1
Contributing types: Sessions}
{"logTime": "0601/233923", "correlationVector":"7suhQ+w1kHE52zoQkSei1Z.1","action":"SyncServerConnectionManagerRequest", "result":"SYNC_SERVER_OK", "context":{"environment":"Prod_brazilsouth_prod-s01-001-sam-brazilsouth", "migrationStage":"NotStarted", "server":"akswtt21200000j"}}
{"logTime": "0601/233923", "correlationVector":"7suhQ+w1kHE52zoQkSei1Z.2","action":"Commit Response", "result":"Success", "context":Result: Success. cV=7suhQ+w1kHE52zoQkSei1Z.0;server=akswtt21200000j;cloudType=Consumer;environment=Prod_brazilsouth_prod-s01-001-sam-brazilsouth;migrationStage=NotStarted}
{"logTime": "0601/234143", "correlationVector":"ktfp4RjmzOX78g9j7d96q4","action":"Commit Request", "result":"", "context":Item count: 1
Contributing types: Sessions}
{"logTime": "0601/234144", "correlationVector":"ktfp4RjmzOX78g9j7d96q4.1","action":"SyncServerConnectionManagerRequest", "result":"SYNC_SERVER_OK", "context":{"environment":"Prod_brazilsouth_prod-s01-001-sam-brazilsouth", "migrationStage":"NotStarted", "server":"akswtt21200000n"}}
{"logTime": "0601/234144", "correlationVector":"ktfp4RjmzOX78g9j7d96q4.2","action":"Commit Response", "result":"Success", "context":Result: Success. cV=ktfp4RjmzOX78g9j7d96q4.0;server=akswtt21200000n;cloudType=Consumer;environment=Prod_brazilsouth_prod-s01-001-sam-brazilsouth;migrationStage=NotStarted}
{"logTime": "0601/234301", "correlationVector":"Nmjfym/FeeCx4Og4ADYAaZ","action":"Commit Request", "result":"", "context":Item count: 1
Contributing types: Sessions}
{"logTime": "0601/234302", "correlationVector":"Nmjfym/FeeCx4Og4ADYAaZ.1","action":"SyncServerConnectionManagerRequest", "result":"SYNC_SERVER_OK", "context":{"environment":"Prod_brazilsouth_prod-s01-034-sam-brazilsouth", "migrationStage":"NotStarted", "server":"akswtt00800000e"}}
{"logTime": "0601/234302", "correlationVector":"Nmjfym/FeeCx4Og4ADYAaZ.2","action":"Commit Response", "result":"Success", "context":Result: Success. cV=Nmjfym/FeeCx4Og4ADYAaZ.0;server=akswtt00800000e;cloudType=Consumer;environment=Prod_brazilsouth_prod-s01-034-sam-brazilsouth;migrationStage=NotStarted}
{"logTime": "0601/234538", "correlationVector":"uGZQjjp+Up1Eq3KRjN+Sue","action":"Commit Request", "result":"", "context":Item count: 1
Contributing types: Sessions}
{"logTime": "0601/234539", "correlationVector":"uGZQjjp+Up1Eq3KRjN+Sue.1","action":"SyncServerConnectionManagerRequest", "result":"SYNC_SERVER_OK", "context":{"environment":"Prod_brazilsouth_prod-s01-001-sam-brazilsouth", "migrationStage":"NotStarted", "server":"akswtt21200000r"}}
{"logTime": "0601/234539", "correlationVector":"uGZQjjp+Up1Eq3KRjN+Sue.2","action":"Commit Response", "result":"Success", "context":Result: Success. cV=uGZQjjp+Up1Eq3KRjN+Sue.0;server=akswtt21200000r;cloudType=Consumer;environment=Prod_brazilsouth_prod-s01-001-sam-brazilsouth;migrationStage=NotStarted}
{"logTime": "0601/234728", "correlationVector":"erkLZNu1ifDwXvyKMtQeuk","action":"Commit Request", "result":"", "context":Item count: 1
Contributing types: Sessions}
{"logTime": "0601/234729", "correlationVector":"erkLZNu1ifDwXvyKMtQeuk.1","action":"SyncServerConnectionManagerRequest", "result":"SYNC_SERVER_OK", "context":{"environment":"Prod_brazilsouth_prod-s01-001-sam-brazilsouth", "migrationStage":"NotStarted", "server":"akswtt212000021"}}
{"logTime": "0601/234729", "correlationVector":"erkLZNu1ifDwXvyKMtQeuk.2","action":"Commit Response", "result":"Success", "context":Result: Success. cV=erkLZNu1ifDwXvyKMtQeuk.0;server=akswtt212000021;cloudType=Consumer;environment=Prod_brazilsouth_prod-s01-001-sam-brazilsouth;migrationStage=NotStarted}
{"logTime": "0601/235122", "correlationVector":"qdHjzOwDIhYY1FgHKoKPHi","action":"Commit Request", "result":"", "context":Item count: 4
Contributing types: Sessions, History}
{"logTime": "0601/235122", "correlationVector":"qdHjzOwDIhYY1FgHKoKPHi.1","action":"SyncServerConnectionManagerRequest", "result":"SYNC_AUTH_ERROR", "context":{"environment":"Prod_brazilsouth_prod-s01-001-sam-brazilsouth", "migrationStage":"NotStarted", "server":"akswtt212000002"}}
{"logTime": "0601/235122", "correlationVector":"qdHjzOwDIhYY1FgHKoKPHi.2","action":"Commit Response", "result":"HTTP error (401)", "context":Result: HTTP error (401). cV=qdHjzOwDIhYY1FgHKoKPHi.0;server=akswtt212000002;cloudType=Undetermined;environment=Prod_brazilsouth_prod-s01-001-sam-brazilsouth;migrationStage=NotStarted}
{"logTime": "0601/235123", "correlationVector":"Z/sTr/1pipNCR+SWsg+nK1","action":"Commit Request", "result":"", "context":Item count: 4
Contributing types: Sessions, History}
{"logTime": "0601/235124", "correlationVector":"Z/sTr/1pipNCR+SWsg+nK1.1","action":"SyncServerConnectionManagerRequest", "result":"SYNC_SERVER_OK", "context":{"environment":"Prod_brazilsouth_prod-s01-001-sam-brazilsouth", "migrationStage":"NotStarted", "server":"akswtt212000007"}}
{"logTime": "0601/235124", "correlationVector":"Z/sTr/1pipNCR+SWsg+nK1.2","action":"Commit Response", "result":"Success", "context":Result: Success. cV=Z/sTr/1pipNCR+SWsg+nK1.0;server=akswtt212000007;cloudType=Consumer;environment=Prod_brazilsouth_prod-s01-001-sam-brazilsouth;migrationStage=NotStarted}
{"logTime": "0601/235233", "correlationVector":"cXJSBf5SI4K4KNv9+sqoMn","action":"Commit Request", "result":"", "context":Item count: 1
Contributing types: Sessions}
{"logTime": "0601/235234", "correlationVector":"cXJSBf5SI4K4KNv9+sqoMn.1","action":"SyncServerConnectionManagerRequest", "result":"SYNC_SERVER_OK", "context":{"environment":"Prod_brazilsouth_prod-s01-001-sam-brazilsouth", "migrationStage":"NotStarted", "server":"akswtt212000014"}}
{"logTime": "0601/235234", "correlationVector":"cXJSBf5SI4K4KNv9+sqoMn.2","action":"Commit Response", "result":"Success", "context":Result: Success. cV=cXJSBf5SI4K4KNv9+sqoMn.0;server=akswtt212000014;cloudType=Consumer;environment=Prod_brazilsouth_prod-s01-001-sam-brazilsouth;migrationStage=NotStarted}
{"logTime": "0601/235356", "correlationVector":"WMm6z73tRwhyj4o37AsSLy","action":"Commit Request", "result":"", "context":Item count: 3
Contributing types: Sessions, History}
{"logTime": "0601/235356", "correlationVector":"WMm6z73tRwhyj4o37AsSLy.1","action":"SyncServerConnectionManagerRequest", "result":"SYNC_SERVER_OK", "context":{"environment":"Prod_brazilsouth_prod-s01-034-sam-brazilsouth", "migrationStage":"NotStarted", "server":"akswtt00800001f"}}
{"logTime": "0601/235356", "correlationVector":"WMm6z73tRwhyj4o37AsSLy.2","action":"Commit Response", "result":"Success", "context":Result: Success. cV=WMm6z73tRwhyj4o37AsSLy.0;server=akswtt00800001f;cloudType=Consumer;environment=Prod_brazilsouth_prod-s01-034-sam-brazilsouth;migrationStage=NotStarted}
{"logTime": "0601/235651", "correlationVector":"uIXJJgL5G/1P+/V3oV7f7m","action":"Commit Request", "result":"", "context":Item count: 1
Contributing types: Sessions}
{"logTime": "0601/235651", "correlationVector":"uIXJJgL5G/1P+/V3oV7f7m.1","action":"SyncServerConnectionManagerRequest", "result":"SYNC_SERVER_OK", "context":{"environment":"Prod_brazilsouth_prod-s01-001-sam-brazilsouth", "migrationStage":"NotStarted", "server":"akswtt21200000c"}}
{"logTime": "0601/235651", "correlationVector":"uIXJJgL5G/1P+/V3oV7f7m.2","action":"Commit Response", "result":"Success", "context":Result: Success. cV=uIXJJgL5G/1P+/V3oV7f7m.0;server=akswtt21200000c;cloudType=Consumer;environment=Prod_brazilsouth_prod-s01-001-sam-brazilsouth;migrationStage=NotStarted}
{"logTime": "0601/235903", "correlationVector":"P1xUJzmVt5kIS1mO9thPgN","action":"Commit Request", "result":"", "context":Item count: 1
Contributing types: Sessions}
{"logTime": "0601/235903", "correlationVector":"P1xUJzmVt5kIS1mO9thPgN.1","action":"SyncServerConnectionManagerRequest", "result":"SYNC_SERVER_OK", "context":{"environment":"Prod_brazilsouth_prod-s01-001-sam-brazilsouth", "migrationStage":"NotStarted", "server":"akswtt212000004"}}
{"logTime": "0601/235903", "correlationVector":"P1xUJzmVt5kIS1mO9thPgN.2","action":"Commit Response", "result":"Success", "context":Result: Success. cV=P1xUJzmVt5kIS1mO9thPgN.0;server=akswtt212000004;cloudType=Consumer;environment=Prod_brazilsouth_prod-s01-001-sam-brazilsouth;migrationStage=NotStarted}
{"logTime": "0602/000024", "correlationVector":"qX8ru+hFU/smlFsHBol3HN","action":"Commit Request", "result":"", "context":Item count: 1
Contributing types: Sessions}
{"logTime": "0602/000025", "correlationVector":"qX8ru+hFU/smlFsHBol3HN.1","action":"SyncServerConnectionManagerRequest", "result":"SYNC_SERVER_OK", "context":{"environment":"Prod_brazilsouth_prod-s01-034-sam-brazilsouth", "migrationStage":"NotStarted", "server":"akswtt008000019"}}
{"logTime": "0602/000025", "correlationVector":"qX8ru+hFU/smlFsHBol3HN.2","action":"Commit Response", "result":"Success", "context":Result: Success. cV=qX8ru+hFU/smlFsHBol3HN.0;server=akswtt008000019;cloudType=Consumer;environment=Prod_brazilsouth_prod-s01-034-sam-brazilsouth;migrationStage=NotStarted}
{"logTime": "0602/000257", "correlationVector":"2vYRVz6uV9/1OZaq5fsPKj","action":"Commit Request", "result":"", "context":Item count: 1
Contributing types: Sessions}
{"logTime": "0602/000258", "correlationVector":"2vYRVz6uV9/1OZaq5fsPKj.1","action":"SyncServerConnectionManagerRequest", "result":"SYNC_SERVER_OK", "context":{"environment":"Prod_brazilsouth_prod-s01-001-sam-brazilsouth", "migrationStage":"NotStarted", "server":"akswtt212000004"}}
{"logTime": "0602/000258", "correlationVector":"2vYRVz6uV9/1OZaq5fsPKj.2","action":"Commit Response", "result":"Success", "context":Result: Success. cV=2vYRVz6uV9/1OZaq5fsPKj.0;server=akswtt212000004;cloudType=Consumer;environment=Prod_brazilsouth_prod-s01-001-sam-brazilsouth;migrationStage=NotStarted}
{"logTime": "0602/000618", "correlationVector":"+l+QKykHF5m8f1XuxfMybB","action":"Commit Request", "result":"", "context":Item count: 1
Contributing types: Sessions}
{"logTime": "0602/000619", "correlationVector":"+l+QKykHF5m8f1XuxfMybB.1","action":"SyncServerConnectionManagerRequest", "result":"SYNC_SERVER_OK", "context":{"environment":"Prod_brazilsouth_prod-s01-001-sam-brazilsouth", "migrationStage":"NotStarted", "server":"akswtt21200000t"}}
{"logTime": "0602/000619", "correlationVector":"+l+QKykHF5m8f1XuxfMybB.2","action":"Commit Response", "result":"Success", "context":Result: Success. cV=+l+QKykHF5m8f1XuxfMybB.0;server=akswtt21200000t;cloudType=Consumer;environment=Prod_brazilsouth_prod-s01-001-sam-brazilsouth;migrationStage=NotStarted}
{"logTime": "0602/000727", "correlationVector":"+XBpRg5I890ynj5xGzBzyD","action":"Commit Request", "result":"", "context":Item count: 1
Contributing types: Sessions}
{"logTime": "0602/000727", "correlationVector":"+XBpRg5I890ynj5xGzBzyD.1","action":"SyncServerConnectionManagerRequest", "result":"SYNC_SERVER_OK", "context":{"environment":"Prod_brazilsouth_prod-s01-001-sam-brazilsouth", "migrationStage":"NotStarted", "server":"akswtt212000023"}}
{"logTime": "0602/000727", "correlationVector":"+XBpRg5I890ynj5xGzBzyD.2","action":"Commit Response", "result":"Success", "context":Result: Success. cV=+XBpRg5I890ynj5xGzBzyD.0;server=akswtt212000023;cloudType=Consumer;environment=Prod_brazilsouth_prod-s01-001-sam-brazilsouth;migrationStage=NotStarted}
{"logTime": "0602/001118", "correlationVector":"0SV3XxlD5eBoC4JdPozObW","action":"Commit Request", "result":"", "context":Item count: 1
Contributing types: Sessions}
{"logTime": "0602/001118", "correlationVector":"0SV3XxlD5eBoC4JdPozObW.1","action":"SyncServerConnectionManagerRequest", "result":"SYNC_SERVER_OK", "context":{"environment":"Prod_brazilsouth_prod-s01-034-sam-brazilsouth", "migrationStage":"NotStarted", "server":"akswtt00800000i"}}
{"logTime": "0602/001118", "correlationVector":"0SV3XxlD5eBoC4JdPozObW.2","action":"Commit Response", "result":"Success", "context":Result: Success. cV=0SV3XxlD5eBoC4JdPozObW.0;server=akswtt00800000i;cloudType=Consumer;environment=Prod_brazilsouth_prod-s01-034-sam-brazilsouth;migrationStage=NotStarted}
{"logTime": "0602/001328", "correlationVector":"MK3NVxIMUkRDY0726UQPqN","action":"Commit Request", "result":"", "context":Item count: 1
Contributing types: Sessions}
{"logTime": "0602/001330", "correlationVector":"MK3NVxIMUkRDY0726UQPqN.1","action":"SyncServerConnectionManagerRequest", "result":"SYNC_SERVER_OK", "context":{"environment":"Prod_brazilsouth_prod-s01-001-sam-brazilsouth", "migrationStage":"NotStarted", "server":"akswtt212000010"}}
{"logTime": "0602/001330", "correlationVector":"MK3NVxIMUkRDY0726UQPqN.2","action":"Commit Response", "result":"Success", "context":Result: Success. cV=MK3NVxIMUkRDY0726UQPqN.0;server=akswtt212000010;cloudType=Consumer;environment=Prod_brazilsouth_prod-s01-001-sam-brazilsouth;migrationStage=NotStarted}
{"logTime": "0602/001859", "correlationVector":"5BxVPq6ZQOQ1fs3raVaQYh","action":"Commit Request", "result":"", "context":Item count: 1
Contributing types: Sessions}
{"logTime": "0602/001903", "correlationVector":"5BxVPq6ZQOQ1fs3raVaQYh.1","action":"SyncServerConnectionManagerRequest", "result":"SYNC_SERVER_OK", "context":{"environment":"Prod_brazilsouth_prod-s01-034-sam-brazilsouth", "migrationStage":"NotStarted", "server":"akswtt00800000z"}}
{"logTime": "0602/001903", "correlationVector":"5BxVPq6ZQOQ1fs3raVaQYh.2","action":"Commit Response", "result":"Success", "context":Result: Success. cV=5BxVPq6ZQOQ1fs3raVaQYh.0;server=akswtt00800000z;cloudType=Consumer;environment=Prod_brazilsouth_prod-s01-034-sam-brazilsouth;migrationStage=NotStarted}
{"logTime": "0602/002003", "correlationVector":"ipBzQJtqohrZtdwBRaTrlr","action":"Commit Request", "result":"", "context":Item count: 1
Contributing types: Sessions}
{"logTime": "0602/002004", "correlationVector":"ipBzQJtqohrZtdwBRaTrlr.1","action":"SyncServerConnectionManagerRequest", "result":"SYNC_SERVER_OK", "context":{"environment":"Prod_brazilsouth_prod-s01-034-sam-brazilsouth", "migrationStage":"NotStarted", "server":"akswtt00800001j"}}
{"logTime": "0602/002004", "correlationVector":"ipBzQJtqohrZtdwBRaTrlr.2","action":"Commit Response", "result":"Success", "context":Result: Success. cV=ipBzQJtqohrZtdwBRaTrlr.0;server=akswtt00800001j;cloudType=Consumer;environment=Prod_brazilsouth_prod-s01-034-sam-brazilsouth;migrationStage=NotStarted}
{"logTime": "0602/002224", "correlationVector":"EEgNqgm4+T9L18h3dg/mNC","action":"Commit Request", "result":"", "context":Item count: 1
Contributing types: Sessions}
{"logTime": "0602/002226", "correlationVector":"EEgNqgm4+T9L18h3dg/mNC.1","action":"SyncServerConnectionManagerRequest", "result":"SYNC_SERVER_OK", "context":{"environment":"Prod_brazilsouth_prod-s01-001-sam-brazilsouth", "migrationStage":"NotStarted", "server":"akswtt21200000w"}}
{"logTime": "0602/002226", "correlationVector":"EEgNqgm4+T9L18h3dg/mNC.2","action":"Commit Response", "result":"Success", "context":Result: Success. cV=EEgNqgm4+T9L18h3dg/mNC.0;server=akswtt21200000w;cloudType=Consumer;environment=Prod_brazilsouth_prod-s01-001-sam-brazilsouth;migrationStage=NotStarted}
{"logTime": "0602/002550", "correlationVector":"mA55+8mkmej4lpEQ/EcSph","action":"Commit Request", "result":"", "context":Item count: 3
Contributing types: Sessions, History}
{"logTime": "0602/002551", "correlationVector":"mA55+8mkmej4lpEQ/EcSph.1","action":"SyncServerConnectionManagerRequest", "result":"SYNC_SERVER_OK", "context":{"environment":"Prod_brazilsouth_prod-s01-034-sam-brazilsouth", "migrationStage":"NotStarted", "server":"akswtt00800000i"}}
{"logTime": "0602/002551", "correlationVector":"mA55+8mkmej4lpEQ/EcSph.2","action":"Commit Response", "result":"Success", "context":Result: Success. cV=mA55+8mkmej4lpEQ/EcSph.0;server=akswtt00800000i;cloudType=Consumer;environment=Prod_brazilsouth_prod-s01-034-sam-brazilsouth;migrationStage=NotStarted}
{"logTime": "0602/002834", "correlationVector":"oGnKN+CTUWKUYEpCpbTDr6","action":"Commit Request", "result":"", "context":Item count: 1
Contributing types: Sessions}
{"logTime": "0602/002834", "correlationVector":"oGnKN+CTUWKUYEpCpbTDr6.1","action":"SyncServerConnectionManagerRequest", "result":"SYNC_SERVER_OK", "context":{"environment":"Prod_brazilsouth_prod-s01-001-sam-brazilsouth", "migrationStage":"NotStarted", "server":"akswtt212000011"}}
{"logTime": "0602/002834", "correlationVector":"oGnKN+CTUWKUYEpCpbTDr6.2","action":"Commit Response", "result":"Success", "context":Result: Success. cV=oGnKN+CTUWKUYEpCpbTDr6.0;server=akswtt212000011;cloudType=Consumer;environment=Prod_brazilsouth_prod-s01-001-sam-brazilsouth;migrationStage=NotStarted}
