2025-06-01 22:13:43.257: [INFO][Sync] Reset engine, reason: 8
2025-06-01 22:13:43.257: [INFO][Sync] Stopped: Bookmarks
2025-06-01 22:13:43.257: [INFO][Sync] Stopped: Preferences
2025-06-01 22:13:43.257: [INFO][Sync] Stopped: Passwords
2025-06-01 22:13:43.257: [INFO][Sync] Stopped: Autofill Profiles
2025-06-01 22:13:43.257: [INFO][Sync] Stopped: Autofill
2025-06-01 22:13:43.257: [INFO][Sync] Stopped: Extensions
2025-06-01 22:13:43.257: [INFO][Sync] Stopped: Sessions
2025-06-01 22:13:43.257: [INFO][Sync] Stopped: Extension settings
2025-06-01 22:13:43.257: [INFO][Sync] Stopped: History Delete Directives
2025-06-01 22:13:43.257: [INFO][Sync] Stopped: Device Info
2025-06-01 22:13:43.257: [INFO][Sync] Stopped: User Consents
2025-06-01 22:13:43.257: [INFO][Sync] Stopped: Send Tab To Self
2025-06-01 22:13:43.257: [INFO][Sync] Stopped: Web Apps
2025-06-01 22:13:43.257: [INFO][Sync] Stopped: History
2025-06-01 22:13:43.257: [INFO][Sync] Stopped: Saved Tab Group
2025-06-01 22:13:43.257: [INFO][Sync] Stopped: WebAuthn Credentials
2025-06-01 22:13:43.257: [INFO][Sync] Stopped: Collection
2025-06-01 22:13:43.257: [INFO][Sync] Stopped: Edge E Drop
2025-06-01 22:13:43.257: [INFO][Sync] Stopped: Edge Hub App Usage
2025-06-01 22:13:43.257: [INFO][Sync] Stopped: Edge Wallet
2025-06-01 22:13:43.257: [INFO][Sync] SyncState after authenticated was: NotSignedIn
2025-06-01 22:13:43.685: [INFO][Sync] Reset engine, reason: 8
2025-06-01 22:13:43.685: [INFO][Sync] Stopped: Bookmarks
2025-06-01 22:13:43.685: [INFO][Sync] Stopped: Preferences
2025-06-01 22:13:43.685: [INFO][Sync] Stopped: Passwords
2025-06-01 22:13:43.685: [INFO][Sync] Stopped: Autofill Profiles
2025-06-01 22:13:43.685: [INFO][Sync] Stopped: Autofill
2025-06-01 22:13:43.685: [INFO][Sync] Stopped: Extensions
2025-06-01 22:13:43.685: [INFO][Sync] Stopped: Sessions
2025-06-01 22:13:43.685: [INFO][Sync] Stopped: Extension settings
2025-06-01 22:13:43.685: [INFO][Sync] Stopped: History Delete Directives
2025-06-01 22:13:43.685: [INFO][Sync] Stopped: Device Info
2025-06-01 22:13:43.685: [INFO][Sync] Stopped: User Consents
2025-06-01 22:13:43.685: [INFO][Sync] Stopped: Send Tab To Self
2025-06-01 22:13:43.685: [INFO][Sync] Stopped: Web Apps
2025-06-01 22:13:43.685: [INFO][Sync] Stopped: History
2025-06-01 22:13:43.685: [INFO][Sync] Stopped: Saved Tab Group
2025-06-01 22:13:43.685: [INFO][Sync] Stopped: WebAuthn Credentials
2025-06-01 22:13:43.685: [INFO][Sync] Stopped: Collection
2025-06-01 22:13:43.685: [INFO][Sync] Stopped: Edge E Drop
2025-06-01 22:13:43.685: [INFO][Sync] Stopped: Edge Hub App Usage
2025-06-01 22:13:43.685: [INFO][Sync] Stopped: Edge Wallet
2025-06-01 22:13:44.067: [INFO][Sync] Try to start sync engine
2025-06-01 22:13:44.069: [INFO][SyncManagerImpl::NudgeForInitialDownload] Initial download nudge for Encryption Keys
2025-06-01 22:13:44.069: [INFO][SyncEngineBackend::LoadAndConnectNigoriController] Load and connect Nigori controller
2025-06-01 22:13:44.069: [INFO][SyncEngineBackend::DoInitialize] Control Types added: Encryption Keys
2025-06-01 22:13:44.069: [INFO][SyncManagerImpl::ConfigureSyncer] Types to download: Encryption Keys with reason: 3
2025-06-01 22:13:44.071: [INFO][SyncSchedulerImpl::DoConfigurationSyncCycleJob] Configure job was blocked
2025-06-01 22:13:44.271: [INFO][SyncAuthManager::SetLastAuthError] Current auth error: None
2025-06-01 22:13:44.271: [INFO][SyncAuthManager::EdgeLogTokenErrorState] Token error with: None for account type: MSA
2025-06-01 22:13:44.272: [INFO][Sync] Credentials changed for: EdgeSyncScopeNew
2025-06-01 22:13:45.779: [INFO][SyncAuthManager::SetLastAuthError] Current auth error: None
2025-06-01 22:13:45.779: [INFO][SyncAuthManager::EdgeLogTokenErrorState] Token error with: None for account type: MSA
2025-06-01 22:13:45.779: [INFO][Sync] Credentials changed for: EdgeSyncKeyDataScope
2025-06-01 22:13:45.779: [INFO][SyncEngineBackend::DoUpdateKeyDataCredentials] Update key data credentials
2025-06-01 22:13:45.779: [INFO][SyncEngineBackend::DoUpdateCredentials] Update credentials
2025-06-01 22:13:45.779: [INFO][SyncSchedulerImpl::DoConfigurationSyncCycleJob] Blocked types:  and types to download: Encryption Keys
2025-06-01 22:13:48.780: [INFO][Sync] Started DataTypeManager configuration, reason: 1
2025-06-01 22:13:48.780: [INFO][Sync] Configuring for: Bookmarks, Preferences, Passwords, Autofill Profiles, Autofill, Extensions, Sessions, Extension settings, History Delete Directives, Device Info, User Consents, Send Tab To Self, Web Apps, History, Saved Tab Group, WebAuthn Credentials, Collection, Edge E Drop, Edge Hub App Usage, Edge Wallet, Encryption Keys, reason: 3, current state: 0
2025-06-01 22:13:48.780: [WARN][Sync] Crypto error data types: Passwords, Autofill Profiles, Autofill
2025-06-01 22:13:48.784: [INFO][Sync] Configure, desired: Bookmarks, Preferences, Extensions, Sessions, Extension settings, History Delete Directives, Device Info, User Consents, Send Tab To Self, Web Apps, History, Saved Tab Group, WebAuthn Credentials, Collection, Edge E Drop, Edge Hub App Usage, Edge Wallet, Encryption Keys; Allow fail: Passwords, Autofill Profiles, Autofill
2025-06-01 22:13:48.784: [INFO][Sync] Loading: Bookmarks
2025-06-01 22:13:48.784: [INFO][Sync] Loading: Preferences
2025-06-01 22:13:48.784: [INFO][Sync] Loading: Extensions
2025-06-01 22:13:48.785: [INFO][Sync] Loading: Sessions
2025-06-01 22:13:48.785: [INFO][Sync] Loading: Extension settings
2025-06-01 22:13:48.785: [INFO][Sync] Loading: History Delete Directives
2025-06-01 22:13:48.785: [INFO][Sync] Loading: Device Info
2025-06-01 22:13:48.786: [INFO][Sync] Loading: User Consents
2025-06-01 22:13:48.786: [INFO][Sync] Loading: Send Tab To Self
2025-06-01 22:13:48.786: [INFO][Sync] Loading: Web Apps
2025-06-01 22:13:48.786: [INFO][Sync] Loading: History
2025-06-01 22:13:48.786: [INFO][Sync] Loading: Saved Tab Group
2025-06-01 22:13:48.786: [INFO][Sync] Loading: WebAuthn Credentials
2025-06-01 22:13:48.786: [INFO][Sync] Loading: Collection
2025-06-01 22:13:48.786: [INFO][Sync] Loading: Edge E Drop
2025-06-01 22:13:48.786: [INFO][Sync] Loading: Edge Hub App Usage
2025-06-01 22:13:48.786: [INFO][Sync] Loading: Edge Wallet
2025-06-01 22:13:48.800: [INFO][Sync] All data types are ready for configure.
2025-06-01 22:13:52.436: [INFO][Sync] Started DataTypeManager configuration, reason: 5
2025-06-01 22:13:52.436: [INFO][Sync] Configuring for: Bookmarks, Preferences, Passwords, Autofill Profiles, Autofill, Extensions, Sessions, Extension settings, History Delete Directives, Device Info, User Consents, Send Tab To Self, Web Apps, History, Saved Tab Group, WebAuthn Credentials, Collection, Edge E Drop, Edge Hub App Usage, Edge Wallet, Encryption Keys, reason: 5, current state: 1
2025-06-01 22:13:52.444: [INFO][SyncEngineBackend::DoStartConfiguration] Start configuration
2025-06-01 22:13:52.444: [INFO][SyncManagerImpl::NudgeForInitialDownload] Initial download nudge for Bookmarks
2025-06-01 22:13:52.444: [INFO][SyncManagerImpl::NudgeForInitialDownload] Initial download nudge for Preferences
2025-06-01 22:13:52.444: [INFO][SyncManagerImpl::NudgeForInitialDownload] Initial download nudge for Extensions
2025-06-01 22:13:52.444: [INFO][SyncManagerImpl::NudgeForInitialDownload] Initial download nudge for Sessions
2025-06-01 22:13:52.444: [INFO][SyncManagerImpl::NudgeForInitialDownload] Initial download nudge for Extension settings
2025-06-01 22:13:52.444: [INFO][SyncManagerImpl::NudgeForInitialDownload] Initial download nudge for History Delete Directives
2025-06-01 22:13:52.444: [INFO][SyncManagerImpl::NudgeForInitialDownload] Initial download nudge for Device Info
2025-06-01 22:13:52.444: [INFO][SyncManagerImpl::NudgeForInitialDownload] Initial download nudge for Send Tab To Self
2025-06-01 22:13:52.444: [INFO][SyncManagerImpl::NudgeForInitialDownload] Initial download nudge for Web Apps
2025-06-01 22:13:52.444: [INFO][SyncManagerImpl::NudgeForInitialDownload] Initial download nudge for History
2025-06-01 22:13:52.444: [INFO][SyncManagerImpl::NudgeForInitialDownload] Initial download nudge for Saved Tab Group
2025-06-01 22:13:52.444: [INFO][SyncManagerImpl::NudgeForInitialDownload] Initial download nudge for WebAuthn Credentials
2025-06-01 22:13:52.444: [INFO][SyncManagerImpl::NudgeForInitialDownload] Initial download nudge for Collection
2025-06-01 22:13:52.444: [INFO][SyncManagerImpl::NudgeForInitialDownload] Initial download nudge for Edge E Drop
2025-06-01 22:13:52.444: [INFO][SyncManagerImpl::NudgeForInitialDownload] Initial download nudge for Edge Hub App Usage
2025-06-01 22:13:52.444: [INFO][SyncManagerImpl::NudgeForInitialDownload] Initial download nudge for Edge Wallet
2025-06-01 22:13:52.444: [INFO][SyncManagerImpl::ConfigureSyncer] Types to download:  with reason: 3
2025-06-01 22:13:52.444: [INFO][SyncEngineBackend::DoFinishConfigureDataTypes] Failed to download types:  and succeeded types: 
2025-06-01 22:13:52.445: [INFO][Sync] ConfigurationDone, failed: , succeeded: , remaining count: 4
2025-06-01 22:13:52.445: [WARN][Sync]     Reconfigure requested while configuration ongoing.
2025-06-01 22:13:52.445: [INFO][Sync] Configuring for: Bookmarks, Preferences, Passwords, Autofill Profiles, Autofill, Extensions, Sessions, Extension settings, History Delete Directives, Device Info, User Consents, Send Tab To Self, Web Apps, History, Saved Tab Group, WebAuthn Credentials, Collection, Edge E Drop, Edge Hub App Usage, Edge Wallet, Encryption Keys, reason: 5, current state: 2
2025-06-01 22:13:52.445: [INFO][Sync] Configure, desired: Bookmarks, Preferences, Passwords, Autofill Profiles, Autofill, Extensions, Sessions, Extension settings, History Delete Directives, Device Info, User Consents, Send Tab To Self, Web Apps, History, Saved Tab Group, WebAuthn Credentials, Collection, Edge E Drop, Edge Hub App Usage, Edge Wallet, Encryption Keys; Allow fail: 
2025-06-01 22:13:52.445: [INFO][Sync] Loading: Passwords
2025-06-01 22:13:52.445: [INFO][Sync] Loading: Autofill Profiles
2025-06-01 22:13:52.445: [INFO][Sync] Loading: Autofill
2025-06-01 22:13:52.445: [INFO][Sync] All data types are ready for configure.
2025-06-01 22:13:52.445: [INFO][SyncManagerImpl::NudgeForInitialDownload] Initial download nudge for Passwords
2025-06-01 22:13:52.445: [INFO][SyncManagerImpl::NudgeForInitialDownload] Initial download nudge for Autofill Profiles
2025-06-01 22:13:52.445: [INFO][SyncManagerImpl::NudgeForInitialDownload] Initial download nudge for Autofill
2025-06-01 22:13:52.445: [INFO][SyncManagerImpl::ConfigureSyncer] Types to download:  with reason: 5
2025-06-01 22:13:52.445: [INFO][SyncEngineBackend::DoFinishConfigureDataTypes] Failed to download types:  and succeeded types: 
2025-06-01 22:13:52.445: [INFO][Sync] ConfigurationDone, failed: , succeeded: , remaining count: 4
2025-06-01 22:13:52.445: [INFO][Sync] Prepare to configure types: Preferences, Passwords, Device Info, Send Tab To Self, Edge E Drop, Encryption Keys
2025-06-01 22:13:52.445: [INFO][SyncManagerImpl::ConfigureSyncer] Types to download: Preferences, Passwords, Device Info, Send Tab To Self, Edge E Drop, Encryption Keys with reason: 5
2025-06-01 22:13:52.445: [INFO][SyncSchedulerImpl::DoConfigurationSyncCycleJob] Blocked types:  and types to download: Preferences, Passwords, Device Info, Send Tab To Self, Edge E Drop, Encryption Keys
2025-06-01 22:13:53.507: [INFO][SyncEngineBackend::DoFinishConfigureDataTypes] Failed to download types:  and succeeded types: Preferences, Passwords, Device Info, Send Tab To Self, Edge E Drop, Encryption Keys
2025-06-01 22:13:53.508: [INFO][Sync] ConfigurationDone, failed: , succeeded: Preferences, Passwords, Device Info, Send Tab To Self, Edge E Drop, Encryption Keys, remaining count: 3
2025-06-01 22:13:53.508: [INFO][Sync] Prepare to configure types: Bookmarks, Encryption Keys
2025-06-01 22:13:53.508: [INFO][SyncManagerImpl::ConfigureSyncer] Types to download: Bookmarks, Encryption Keys with reason: 5
2025-06-01 22:13:53.508: [INFO][SyncSchedulerImpl::DoConfigurationSyncCycleJob] Blocked types:  and types to download: Bookmarks, Encryption Keys
2025-06-01 22:13:53.934: [INFO][SyncEngineBackend::DoFinishConfigureDataTypes] Failed to download types:  and succeeded types: Bookmarks, Encryption Keys
2025-06-01 22:13:53.936: [INFO][Sync] ConfigurationDone, failed: , succeeded: Bookmarks, Encryption Keys, remaining count: 2
2025-06-01 22:13:53.936: [INFO][Sync] Prepare to configure types: Autofill Profiles, Autofill, Extensions, Sessions, Extension settings, History Delete Directives, Web Apps, Saved Tab Group, WebAuthn Credentials, Collection, Edge Hub App Usage, Edge Wallet, Encryption Keys
2025-06-01 22:13:53.936: [INFO][SyncManagerImpl::ConfigureSyncer] Types to download: Autofill Profiles, Autofill, Extensions, Sessions, Extension settings, History Delete Directives, Web Apps, Saved Tab Group, WebAuthn Credentials, Collection, Edge Hub App Usage, Edge Wallet, Encryption Keys with reason: 5
2025-06-01 22:13:53.937: [INFO][SyncSchedulerImpl::DoConfigurationSyncCycleJob] Blocked types:  and types to download: Autofill Profiles, Autofill, Extensions, Sessions, Extension settings, History Delete Directives, Web Apps, Saved Tab Group, WebAuthn Credentials, Collection, Edge Hub App Usage, Edge Wallet, Encryption Keys
2025-06-01 22:13:55.356: [INFO][SyncEngineBackend::DoFinishConfigureDataTypes] Failed to download types:  and succeeded types: Autofill Profiles, Autofill, Extensions, Sessions, Extension settings, History Delete Directives, Web Apps, Saved Tab Group, WebAuthn Credentials, Collection, Edge Hub App Usage, Edge Wallet, Encryption Keys
2025-06-01 22:13:55.357: [INFO][Sync] ConfigurationDone, failed: , succeeded: Autofill Profiles, Autofill, Extensions, Sessions, Extension settings, History Delete Directives, Web Apps, Saved Tab Group, WebAuthn Credentials, Collection, Edge Hub App Usage, Edge Wallet, Encryption Keys, remaining count: 1
2025-06-01 22:13:55.360: [INFO][Sync] Prepare to configure types: History, Encryption Keys
2025-06-01 22:13:55.360: [INFO][SyncManagerImpl::ConfigureSyncer] Types to download: History, Encryption Keys with reason: 5
2025-06-01 22:13:55.360: [INFO][SyncSchedulerImpl::DoConfigurationSyncCycleJob] Blocked types:  and types to download: History, Encryption Keys
2025-06-01 22:13:55.806: [INFO][SyncEngineBackend::DoFinishConfigureDataTypes] Failed to download types:  and succeeded types: History, Encryption Keys
2025-06-01 22:13:55.811: [INFO][Sync] ConfigurationDone, failed: , succeeded: History, Encryption Keys, remaining count: 0
2025-06-01 22:13:55.815: [INFO][Sync]     Configuration completed, state: 7
2025-06-01 22:13:55.815: [INFO][Sync] Configured DataTypeManager: Ok
2025-06-01 22:13:55.820: [INFO][SyncEngineBackend::DoStartSyncing] Start syncing
2025-06-01 22:14:38.004: [INFO][Sync] Reset engine, reason: 0
2025-06-01 22:14:38.004: [INFO][Sync] Reset engine with reason: 0
2025-06-01 22:15:48.018: [INFO][Sync] SyncState after authenticated was: FeatureCanStart
2025-06-01 22:15:52.205: [INFO][Sync] Try to start sync engine
2025-06-01 22:15:52.209: [INFO][SyncManagerImpl::NudgeForInitialDownload] Initial download nudge for Encryption Keys
2025-06-01 22:15:52.209: [INFO][SyncEngineBackend::LoadAndConnectNigoriController] Load and connect Nigori controller
2025-06-01 22:15:52.209: [INFO][SyncEngineBackend::DoInitialize] Control Types added: Encryption Keys
2025-06-01 22:15:52.210: [INFO][SyncManagerImpl::ConfigureSyncer] Types to download: Encryption Keys with reason: 3
2025-06-01 22:15:52.210: [INFO][SyncSchedulerImpl::DoConfigurationSyncCycleJob] Configure job was blocked
2025-06-01 22:15:52.348: [INFO][SyncAuthManager::SetLastAuthError] Current auth error: None
2025-06-01 22:15:52.348: [INFO][SyncAuthManager::EdgeLogTokenErrorState] Token error with: None for account type: MSA
2025-06-01 22:15:52.348: [INFO][Sync] Credentials changed for: EdgeSyncScopeNew
2025-06-01 22:15:52.710: [INFO][SyncAuthManager::SetLastAuthError] Current auth error: None
2025-06-01 22:15:52.710: [INFO][SyncAuthManager::EdgeLogTokenErrorState] Token error with: None for account type: MSA
2025-06-01 22:15:52.710: [INFO][Sync] Credentials changed for: EdgeSyncKeyDataScope
2025-06-01 22:15:52.712: [INFO][SyncEngineBackend::DoUpdateKeyDataCredentials] Update key data credentials
2025-06-01 22:15:52.712: [INFO][SyncEngineBackend::DoUpdateCredentials] Update credentials
2025-06-01 22:15:52.713: [INFO][SyncSchedulerImpl::DoConfigurationSyncCycleJob] Blocked types:  and types to download: Encryption Keys
2025-06-01 22:15:58.112: [INFO][Sync] Started DataTypeManager configuration, reason: 4
2025-06-01 22:15:58.112: [INFO][Sync] Configuring for: Bookmarks, Preferences, Passwords, Autofill Profiles, Autofill, Extensions, Sessions, Extension settings, History Delete Directives, Device Info, User Consents, Send Tab To Self, Web Apps, History, Saved Tab Group, WebAuthn Credentials, Collection, Edge E Drop, Edge Hub App Usage, Edge Wallet, Encryption Keys, reason: 4, current state: 0
2025-06-01 22:15:58.112: [WARN][Sync] Crypto error data types: Passwords, Autofill Profiles, Autofill
2025-06-01 22:15:58.120: [INFO][Sync] Configure, desired: Bookmarks, Preferences, Extensions, Sessions, Extension settings, History Delete Directives, Device Info, User Consents, Send Tab To Self, Web Apps, History, Saved Tab Group, WebAuthn Credentials, Collection, Edge E Drop, Edge Hub App Usage, Edge Wallet, Encryption Keys; Allow fail: Passwords, Autofill Profiles, Autofill
2025-06-01 22:15:58.120: [INFO][Sync] Loading: Bookmarks
2025-06-01 22:15:58.120: [INFO][Sync] Loading: Preferences
2025-06-01 22:15:58.121: [INFO][Sync] Loading: Extensions
2025-06-01 22:15:58.121: [INFO][Sync] Loading: Sessions
2025-06-01 22:15:58.121: [INFO][Sync] Loading: Extension settings
2025-06-01 22:15:58.121: [INFO][Sync] Loading: History Delete Directives
2025-06-01 22:15:58.122: [INFO][Sync] Loading: Device Info
2025-06-01 22:15:58.122: [INFO][Sync] Loading: User Consents
2025-06-01 22:15:58.122: [INFO][Sync] Loading: Send Tab To Self
2025-06-01 22:15:58.122: [INFO][Sync] Loading: Web Apps
2025-06-01 22:15:58.122: [INFO][Sync] Loading: History
2025-06-01 22:15:58.122: [INFO][Sync] Loading: Saved Tab Group
2025-06-01 22:15:58.122: [INFO][Sync] Loading: WebAuthn Credentials
2025-06-01 22:15:58.123: [INFO][Sync] Loading: Collection
2025-06-01 22:15:58.123: [INFO][Sync] Loading: Edge E Drop
2025-06-01 22:15:58.123: [INFO][Sync] Loading: Edge Hub App Usage
2025-06-01 22:15:58.123: [INFO][Sync] Loading: Edge Wallet
2025-06-01 22:15:58.154: [INFO][Sync] All data types are ready for configure.
2025-06-01 22:15:59.659: [INFO][Sync] Started DataTypeManager configuration, reason: 5
2025-06-01 22:15:59.659: [INFO][Sync] Configuring for: Bookmarks, Preferences, Passwords, Autofill Profiles, Autofill, Extensions, Sessions, Extension settings, History Delete Directives, Device Info, User Consents, Send Tab To Self, Web Apps, History, Saved Tab Group, WebAuthn Credentials, Collection, Edge E Drop, Edge Hub App Usage, Edge Wallet, Encryption Keys, reason: 5, current state: 1
2025-06-01 22:15:59.665: [INFO][SyncEngineBackend::DoStartConfiguration] Start configuration
2025-06-01 22:15:59.667: [INFO][SyncManagerImpl::NudgeForInitialDownload] Initial download nudge for Bookmarks
2025-06-01 22:15:59.667: [INFO][SyncManagerImpl::ConfigureSyncer] Types to download:  with reason: 4
2025-06-01 22:15:59.667: [INFO][SyncEngineBackend::DoFinishConfigureDataTypes] Failed to download types:  and succeeded types: 
2025-06-01 22:15:59.670: [INFO][Sync] ConfigurationDone, failed: , succeeded: , remaining count: 4
2025-06-01 22:15:59.670: [WARN][Sync]     Reconfigure requested while configuration ongoing.
2025-06-01 22:15:59.670: [INFO][Sync] Configuring for: Bookmarks, Preferences, Passwords, Autofill Profiles, Autofill, Extensions, Sessions, Extension settings, History Delete Directives, Device Info, User Consents, Send Tab To Self, Web Apps, History, Saved Tab Group, WebAuthn Credentials, Collection, Edge E Drop, Edge Hub App Usage, Edge Wallet, Encryption Keys, reason: 5, current state: 2
2025-06-01 22:15:59.670: [INFO][Sync] Configure, desired: Bookmarks, Preferences, Passwords, Autofill Profiles, Autofill, Extensions, Sessions, Extension settings, History Delete Directives, Device Info, User Consents, Send Tab To Self, Web Apps, History, Saved Tab Group, WebAuthn Credentials, Collection, Edge E Drop, Edge Hub App Usage, Edge Wallet, Encryption Keys; Allow fail: 
2025-06-01 22:15:59.671: [INFO][Sync] Loading: Passwords
2025-06-01 22:15:59.671: [INFO][Sync] Loading: Autofill Profiles
2025-06-01 22:15:59.671: [INFO][Sync] Loading: Autofill
2025-06-01 22:15:59.680: [INFO][Sync] All data types are ready for configure.
2025-06-01 22:15:59.680: [INFO][SyncManagerImpl::ConfigureSyncer] Types to download:  with reason: 5
2025-06-01 22:15:59.680: [INFO][SyncEngineBackend::DoFinishConfigureDataTypes] Failed to download types:  and succeeded types: 
2025-06-01 22:15:59.680: [INFO][Sync] ConfigurationDone, failed: , succeeded: , remaining count: 4
2025-06-01 22:15:59.680: [INFO][SyncManagerImpl::ConfigureSyncer] Types to download:  with reason: 5
2025-06-01 22:15:59.680: [INFO][SyncEngineBackend::DoFinishConfigureDataTypes] Failed to download types:  and succeeded types: 
2025-06-01 22:15:59.681: [INFO][Sync] ConfigurationDone, failed: , succeeded: , remaining count: 3
2025-06-01 22:15:59.681: [INFO][Sync] Prepare to configure types: Bookmarks, Encryption Keys
2025-06-01 22:15:59.681: [INFO][SyncManagerImpl::ConfigureSyncer] Types to download: Bookmarks, Encryption Keys with reason: 5
2025-06-01 22:15:59.681: [INFO][SyncSchedulerImpl::DoConfigurationSyncCycleJob] Blocked types:  and types to download: Bookmarks, Encryption Keys
2025-06-01 22:16:00.775: [INFO][SyncEngineBackend::DoFinishConfigureDataTypes] Failed to download types:  and succeeded types: Bookmarks, Encryption Keys
2025-06-01 22:16:00.785: [INFO][Sync] ConfigurationDone, failed: , succeeded: Bookmarks, Encryption Keys, remaining count: 2
2025-06-01 22:16:00.785: [INFO][SyncManagerImpl::ConfigureSyncer] Types to download:  with reason: 5
2025-06-01 22:16:00.785: [INFO][SyncEngineBackend::DoFinishConfigureDataTypes] Failed to download types:  and succeeded types: 
2025-06-01 22:16:00.787: [INFO][Sync] ConfigurationDone, failed: , succeeded: , remaining count: 1
2025-06-01 22:16:00.793: [INFO][SyncManagerImpl::ConfigureSyncer] Types to download:  with reason: 5
2025-06-01 22:16:00.794: [INFO][SyncEngineBackend::DoFinishConfigureDataTypes] Failed to download types:  and succeeded types: 
2025-06-01 22:16:00.795: [INFO][Sync] ConfigurationDone, failed: , succeeded: , remaining count: 0
2025-06-01 22:16:00.800: [INFO][Sync]     Configuration completed, state: 7
2025-06-01 22:16:00.810: [INFO][Sync] Configured DataTypeManager: Ok
2025-06-01 22:16:00.816: [INFO][SyncEngineBackend::DoStartSyncing] Start syncing
2025-06-01 22:31:20.848: [INFO][Sync] Reset engine, reason: 0
2025-06-01 22:31:20.848: [INFO][Sync] Reset engine with reason: 0
2025-06-01 22:33:32.692: [INFO][Sync] SyncState after authenticated was: FeatureCanStart
2025-06-01 22:33:37.188: [INFO][Sync] Try to start sync engine
2025-06-01 22:33:37.198: [INFO][SyncManagerImpl::NudgeForInitialDownload] Initial download nudge for Encryption Keys
2025-06-01 22:33:37.198: [INFO][SyncEngineBackend::LoadAndConnectNigoriController] Load and connect Nigori controller
2025-06-01 22:33:37.198: [INFO][SyncEngineBackend::DoInitialize] Control Types added: Encryption Keys
2025-06-01 22:33:37.198: [INFO][SyncManagerImpl::ConfigureSyncer] Types to download: Encryption Keys with reason: 3
2025-06-01 22:33:37.198: [INFO][SyncSchedulerImpl::DoConfigurationSyncCycleJob] Configure job was blocked
2025-06-01 22:33:37.272: [INFO][SyncAuthManager::SetLastAuthError] Current auth error: None
2025-06-01 22:33:37.272: [INFO][SyncAuthManager::EdgeLogTokenErrorState] Token error with: None for account type: MSA
2025-06-01 22:33:37.272: [INFO][Sync] Credentials changed for: EdgeSyncScopeNew
2025-06-01 22:33:39.170: [INFO][SyncAuthManager::SetLastAuthError] Current auth error: None
2025-06-01 22:33:39.170: [INFO][SyncAuthManager::EdgeLogTokenErrorState] Token error with: None for account type: MSA
2025-06-01 22:33:39.170: [INFO][Sync] Credentials changed for: EdgeSyncKeyDataScope
2025-06-01 22:33:39.171: [INFO][SyncEngineBackend::DoUpdateKeyDataCredentials] Update key data credentials
2025-06-01 22:33:39.171: [INFO][SyncEngineBackend::DoUpdateCredentials] Update credentials
2025-06-01 22:33:39.171: [INFO][SyncSchedulerImpl::DoConfigurationSyncCycleJob] Blocked types:  and types to download: Encryption Keys
2025-06-01 22:33:40.381: [INFO][Sync] Started DataTypeManager configuration, reason: 4
2025-06-01 22:33:40.381: [INFO][Sync] Configuring for: Bookmarks, Preferences, Passwords, Autofill Profiles, Autofill, Extensions, Sessions, Extension settings, History Delete Directives, Device Info, User Consents, Send Tab To Self, Web Apps, History, Saved Tab Group, WebAuthn Credentials, Collection, Edge E Drop, Edge Hub App Usage, Edge Wallet, Encryption Keys, reason: 4, current state: 0
2025-06-01 22:33:40.381: [WARN][Sync] Crypto error data types: Passwords, Autofill Profiles, Autofill
2025-06-01 22:33:40.384: [INFO][Sync] Configure, desired: Bookmarks, Preferences, Extensions, Sessions, Extension settings, History Delete Directives, Device Info, User Consents, Send Tab To Self, Web Apps, History, Saved Tab Group, WebAuthn Credentials, Collection, Edge E Drop, Edge Hub App Usage, Edge Wallet, Encryption Keys; Allow fail: Passwords, Autofill Profiles, Autofill
2025-06-01 22:33:40.384: [INFO][Sync] Loading: Bookmarks
2025-06-01 22:33:40.384: [INFO][Sync] Loading: Preferences
2025-06-01 22:33:40.384: [INFO][Sync] Loading: Extensions
2025-06-01 22:33:40.384: [INFO][Sync] Loading: Sessions
2025-06-01 22:33:40.384: [INFO][Sync] Loading: Extension settings
2025-06-01 22:33:40.384: [INFO][Sync] Loading: History Delete Directives
2025-06-01 22:33:40.385: [INFO][Sync] Loading: Device Info
2025-06-01 22:33:40.385: [INFO][Sync] Loading: User Consents
2025-06-01 22:33:40.385: [INFO][Sync] Loading: Send Tab To Self
2025-06-01 22:33:40.385: [INFO][Sync] Loading: Web Apps
2025-06-01 22:33:40.385: [INFO][Sync] Loading: History
2025-06-01 22:33:40.385: [INFO][Sync] Loading: Saved Tab Group
2025-06-01 22:33:40.385: [INFO][Sync] Loading: WebAuthn Credentials
2025-06-01 22:33:40.385: [INFO][Sync] Loading: Collection
2025-06-01 22:33:40.385: [INFO][Sync] Loading: Edge E Drop
2025-06-01 22:33:40.385: [INFO][Sync] Loading: Edge Hub App Usage
2025-06-01 22:33:40.385: [INFO][Sync] Loading: Edge Wallet
2025-06-01 22:33:40.401: [INFO][Sync] All data types are ready for configure.
2025-06-01 22:33:41.508: [INFO][Sync] Started DataTypeManager configuration, reason: 5
2025-06-01 22:33:41.509: [INFO][Sync] Configuring for: Bookmarks, Preferences, Passwords, Autofill Profiles, Autofill, Extensions, Sessions, Extension settings, History Delete Directives, Device Info, User Consents, Send Tab To Self, Web Apps, History, Saved Tab Group, WebAuthn Credentials, Collection, Edge E Drop, Edge Hub App Usage, Edge Wallet, Encryption Keys, reason: 5, current state: 1
2025-06-01 22:33:41.517: [INFO][SyncEngineBackend::DoStartConfiguration] Start configuration
2025-06-01 22:33:41.517: [INFO][SyncManagerImpl::ConfigureSyncer] Types to download:  with reason: 4
2025-06-01 22:33:41.517: [INFO][SyncEngineBackend::DoFinishConfigureDataTypes] Failed to download types:  and succeeded types: 
2025-06-01 22:33:41.517: [INFO][Sync] ConfigurationDone, failed: , succeeded: , remaining count: 4
2025-06-01 22:33:41.517: [WARN][Sync]     Reconfigure requested while configuration ongoing.
2025-06-01 22:33:41.517: [INFO][Sync] Configuring for: Bookmarks, Preferences, Passwords, Autofill Profiles, Autofill, Extensions, Sessions, Extension settings, History Delete Directives, Device Info, User Consents, Send Tab To Self, Web Apps, History, Saved Tab Group, WebAuthn Credentials, Collection, Edge E Drop, Edge Hub App Usage, Edge Wallet, Encryption Keys, reason: 5, current state: 2
2025-06-01 22:33:41.518: [INFO][Sync] Configure, desired: Bookmarks, Preferences, Passwords, Autofill Profiles, Autofill, Extensions, Sessions, Extension settings, History Delete Directives, Device Info, User Consents, Send Tab To Self, Web Apps, History, Saved Tab Group, WebAuthn Credentials, Collection, Edge E Drop, Edge Hub App Usage, Edge Wallet, Encryption Keys; Allow fail: 
2025-06-01 22:33:41.518: [INFO][Sync] Loading: Passwords
2025-06-01 22:33:41.518: [INFO][Sync] Loading: Autofill Profiles
2025-06-01 22:33:41.518: [INFO][Sync] Loading: Autofill
2025-06-01 22:33:41.518: [INFO][Sync] All data types are ready for configure.
2025-06-01 22:33:41.518: [INFO][SyncManagerImpl::ConfigureSyncer] Types to download:  with reason: 5
2025-06-01 22:33:41.518: [INFO][SyncEngineBackend::DoFinishConfigureDataTypes] Failed to download types:  and succeeded types: 
2025-06-01 22:33:41.518: [INFO][Sync] ConfigurationDone, failed: , succeeded: , remaining count: 4
2025-06-01 22:33:41.518: [INFO][SyncManagerImpl::ConfigureSyncer] Types to download:  with reason: 5
2025-06-01 22:33:41.518: [INFO][SyncEngineBackend::DoFinishConfigureDataTypes] Failed to download types:  and succeeded types: 
2025-06-01 22:33:41.518: [INFO][Sync] ConfigurationDone, failed: , succeeded: , remaining count: 3
2025-06-01 22:33:41.519: [INFO][SyncManagerImpl::ConfigureSyncer] Types to download:  with reason: 5
2025-06-01 22:33:41.519: [INFO][SyncEngineBackend::DoFinishConfigureDataTypes] Failed to download types:  and succeeded types: 
2025-06-01 22:33:41.519: [INFO][Sync] ConfigurationDone, failed: , succeeded: , remaining count: 2
2025-06-01 22:33:41.519: [INFO][SyncManagerImpl::ConfigureSyncer] Types to download:  with reason: 5
2025-06-01 22:33:41.519: [INFO][SyncEngineBackend::DoFinishConfigureDataTypes] Failed to download types:  and succeeded types: 
2025-06-01 22:33:41.519: [INFO][Sync] ConfigurationDone, failed: , succeeded: , remaining count: 1
2025-06-01 22:33:41.526: [INFO][SyncManagerImpl::ConfigureSyncer] Types to download:  with reason: 5
2025-06-01 22:33:41.526: [INFO][SyncEngineBackend::DoFinishConfigureDataTypes] Failed to download types:  and succeeded types: 
2025-06-01 22:33:41.531: [INFO][Sync] ConfigurationDone, failed: , succeeded: , remaining count: 0
2025-06-01 22:33:41.534: [INFO][Sync]     Configuration completed, state: 7
2025-06-01 22:33:41.534: [INFO][Sync] Configured DataTypeManager: Ok
2025-06-01 22:33:41.540: [INFO][SyncEngineBackend::DoStartSyncing] Start syncing
2025-06-01 22:57:57.575: [INFO][Sync] Reset engine, reason: 0
2025-06-01 22:57:57.575: [INFO][Sync] Reset engine with reason: 0
2025-06-01 22:58:32.680: [INFO][Sync] SyncState after authenticated was: FeatureCanStart
2025-06-01 22:58:33.235: [INFO][Sync] Try to start sync engine
2025-06-01 22:58:33.253: [INFO][SyncManagerImpl::NudgeForInitialDownload] Initial download nudge for Encryption Keys
2025-06-01 22:58:33.253: [INFO][SyncEngineBackend::LoadAndConnectNigoriController] Load and connect Nigori controller
2025-06-01 22:58:33.253: [INFO][SyncEngineBackend::DoInitialize] Control Types added: Encryption Keys
2025-06-01 22:58:33.253: [INFO][SyncManagerImpl::ConfigureSyncer] Types to download: Encryption Keys with reason: 3
2025-06-01 22:58:33.253: [INFO][SyncSchedulerImpl::DoConfigurationSyncCycleJob] Configure job was blocked
2025-06-01 22:58:33.293: [INFO][SyncAuthManager::SetLastAuthError] Current auth error: None
2025-06-01 22:58:33.293: [INFO][SyncAuthManager::EdgeLogTokenErrorState] Token error with: None for account type: MSA
2025-06-01 22:58:33.294: [INFO][Sync] Credentials changed for: EdgeSyncScopeNew
2025-06-01 22:58:40.801: [INFO][SyncAuthManager::SetLastAuthError] Current auth error: None
2025-06-01 22:58:40.802: [INFO][SyncAuthManager::EdgeLogTokenErrorState] Token error with: None for account type: MSA
2025-06-01 22:58:40.802: [INFO][Sync] Credentials changed for: EdgeSyncKeyDataScope
2025-06-01 22:58:40.802: [INFO][SyncEngineBackend::DoUpdateKeyDataCredentials] Update key data credentials
2025-06-01 22:58:40.802: [INFO][SyncEngineBackend::DoUpdateCredentials] Update credentials
2025-06-01 22:58:40.802: [INFO][SyncSchedulerImpl::DoConfigurationSyncCycleJob] Blocked types:  and types to download: Encryption Keys
2025-06-01 22:58:41.574: [INFO][Sync] Started DataTypeManager configuration, reason: 4
2025-06-01 22:58:41.574: [INFO][Sync] Configuring for: Bookmarks, Preferences, Passwords, Autofill Profiles, Autofill, Extensions, Sessions, Extension settings, History Delete Directives, Device Info, User Consents, Send Tab To Self, Web Apps, History, Saved Tab Group, WebAuthn Credentials, Collection, Edge E Drop, Edge Hub App Usage, Edge Wallet, Encryption Keys, reason: 4, current state: 0
2025-06-01 22:58:41.574: [WARN][Sync] Crypto error data types: Passwords, Autofill Profiles, Autofill
2025-06-01 22:58:41.577: [INFO][Sync] Configure, desired: Bookmarks, Preferences, Extensions, Sessions, Extension settings, History Delete Directives, Device Info, User Consents, Send Tab To Self, Web Apps, History, Saved Tab Group, WebAuthn Credentials, Collection, Edge E Drop, Edge Hub App Usage, Edge Wallet, Encryption Keys; Allow fail: Passwords, Autofill Profiles, Autofill
2025-06-01 22:58:41.577: [INFO][Sync] Loading: Bookmarks
2025-06-01 22:58:41.577: [INFO][Sync] Loading: Preferences
2025-06-01 22:58:41.577: [INFO][Sync] Loading: Extensions
2025-06-01 22:58:41.577: [INFO][Sync] Loading: Sessions
2025-06-01 22:58:41.577: [INFO][Sync] Loading: Extension settings
2025-06-01 22:58:41.577: [INFO][Sync] Loading: History Delete Directives
2025-06-01 22:58:41.577: [INFO][Sync] Loading: Device Info
2025-06-01 22:58:41.577: [INFO][Sync] Loading: User Consents
2025-06-01 22:58:41.577: [INFO][Sync] Loading: Send Tab To Self
2025-06-01 22:58:41.577: [INFO][Sync] Loading: Web Apps
2025-06-01 22:58:41.577: [INFO][Sync] Loading: History
2025-06-01 22:58:41.577: [INFO][Sync] Loading: Saved Tab Group
2025-06-01 22:58:41.577: [INFO][Sync] Loading: WebAuthn Credentials
2025-06-01 22:58:41.577: [INFO][Sync] Loading: Collection
2025-06-01 22:58:41.577: [INFO][Sync] Loading: Edge E Drop
2025-06-01 22:58:41.577: [INFO][Sync] Loading: Edge Hub App Usage
2025-06-01 22:58:41.577: [INFO][Sync] Loading: Edge Wallet
2025-06-01 22:58:41.586: [INFO][Sync] All data types are ready for configure.
2025-06-01 22:58:41.961: [INFO][Sync] Started DataTypeManager configuration, reason: 5
2025-06-01 22:58:41.961: [INFO][Sync] Configuring for: Bookmarks, Preferences, Passwords, Autofill Profiles, Autofill, Extensions, Sessions, Extension settings, History Delete Directives, Device Info, User Consents, Send Tab To Self, Web Apps, History, Saved Tab Group, WebAuthn Credentials, Collection, Edge E Drop, Edge Hub App Usage, Edge Wallet, Encryption Keys, reason: 5, current state: 1
2025-06-01 22:58:41.970: [INFO][SyncEngineBackend::DoStartConfiguration] Start configuration
2025-06-01 22:58:41.971: [INFO][SyncManagerImpl::ConfigureSyncer] Types to download:  with reason: 4
2025-06-01 22:58:41.971: [INFO][SyncEngineBackend::DoFinishConfigureDataTypes] Failed to download types:  and succeeded types: 
2025-06-01 22:58:41.971: [INFO][Sync] ConfigurationDone, failed: , succeeded: , remaining count: 4
2025-06-01 22:58:41.971: [WARN][Sync]     Reconfigure requested while configuration ongoing.
2025-06-01 22:58:41.971: [INFO][Sync] Configuring for: Bookmarks, Preferences, Passwords, Autofill Profiles, Autofill, Extensions, Sessions, Extension settings, History Delete Directives, Device Info, User Consents, Send Tab To Self, Web Apps, History, Saved Tab Group, WebAuthn Credentials, Collection, Edge E Drop, Edge Hub App Usage, Edge Wallet, Encryption Keys, reason: 5, current state: 2
2025-06-01 22:58:41.971: [INFO][Sync] Configure, desired: Bookmarks, Preferences, Passwords, Autofill Profiles, Autofill, Extensions, Sessions, Extension settings, History Delete Directives, Device Info, User Consents, Send Tab To Self, Web Apps, History, Saved Tab Group, WebAuthn Credentials, Collection, Edge E Drop, Edge Hub App Usage, Edge Wallet, Encryption Keys; Allow fail: 
2025-06-01 22:58:41.971: [INFO][Sync] Loading: Passwords
2025-06-01 22:58:41.971: [INFO][Sync] Loading: Autofill Profiles
2025-06-01 22:58:41.971: [INFO][Sync] Loading: Autofill
2025-06-01 22:58:41.971: [INFO][Sync] All data types are ready for configure.
2025-06-01 22:58:41.971: [INFO][SyncManagerImpl::ConfigureSyncer] Types to download:  with reason: 5
2025-06-01 22:58:41.971: [INFO][SyncEngineBackend::DoFinishConfigureDataTypes] Failed to download types:  and succeeded types: 
2025-06-01 22:58:41.971: [INFO][Sync] ConfigurationDone, failed: , succeeded: , remaining count: 4
2025-06-01 22:58:41.972: [INFO][SyncManagerImpl::ConfigureSyncer] Types to download:  with reason: 5
2025-06-01 22:58:41.972: [INFO][SyncEngineBackend::DoFinishConfigureDataTypes] Failed to download types:  and succeeded types: 
2025-06-01 22:58:41.972: [INFO][Sync] ConfigurationDone, failed: , succeeded: , remaining count: 3
2025-06-01 22:58:41.972: [INFO][SyncManagerImpl::ConfigureSyncer] Types to download:  with reason: 5
2025-06-01 22:58:41.972: [INFO][SyncEngineBackend::DoFinishConfigureDataTypes] Failed to download types:  and succeeded types: 
2025-06-01 22:58:41.972: [INFO][Sync] ConfigurationDone, failed: , succeeded: , remaining count: 2
2025-06-01 22:58:41.972: [INFO][SyncManagerImpl::ConfigureSyncer] Types to download:  with reason: 5
2025-06-01 22:58:41.972: [INFO][SyncEngineBackend::DoFinishConfigureDataTypes] Failed to download types:  and succeeded types: 
2025-06-01 22:58:41.972: [INFO][Sync] ConfigurationDone, failed: , succeeded: , remaining count: 1
2025-06-01 22:58:41.976: [INFO][SyncManagerImpl::ConfigureSyncer] Types to download:  with reason: 5
2025-06-01 22:58:41.976: [INFO][SyncEngineBackend::DoFinishConfigureDataTypes] Failed to download types:  and succeeded types: 
2025-06-01 22:58:41.979: [INFO][Sync] ConfigurationDone, failed: , succeeded: , remaining count: 0
2025-06-01 22:58:41.981: [INFO][Sync]     Configuration completed, state: 7
2025-06-01 22:58:41.981: [INFO][Sync] Configured DataTypeManager: Ok
2025-06-01 22:58:41.985: [INFO][SyncEngineBackend::DoStartSyncing] Start syncing
2025-06-01 23:51:22.831: [INFO][SyncSchedulerImpl::OnSyncNetworkError] Syncer error: HTTP error (401)
2025-06-01 23:51:22.831: [INFO][Sync] Connection status changed to: 2
2025-06-01 23:51:22.831: [INFO][Commit::ReportFullCommitFailure] Commit Sessions, History failed with error: AuthError
2025-06-01 23:51:22.831: [INFO][SyncSchedulerImpl::DoNudgeSyncCycleJob] Syncer error: HTTP error (401)
2025-06-01 23:51:22.843: [WARN][Sync] NetworkError: HTTP error (401)
2025-06-01 23:51:22.884: [INFO][SyncAuthManager::SetLastAuthError] Current auth error: None
2025-06-01 23:51:22.884: [INFO][SyncAuthManager::EdgeLogTokenErrorState] Token error with: None for account type: MSA
2025-06-01 23:51:22.884: [INFO][Sync] Credentials changed for: EdgeSyncScopeNew
2025-06-01 23:51:23.719: [INFO][SyncAuthManager::SetLastAuthError] Current auth error: None
2025-06-01 23:51:23.719: [INFO][SyncAuthManager::EdgeLogTokenErrorState] Token error with: None for account type: MSA
2025-06-01 23:51:23.719: [INFO][Sync] Credentials changed for: EdgeSyncKeyDataScope
2025-06-01 23:51:23.720: [INFO][SyncEngineBackend::DoUpdateKeyDataCredentials] Update key data credentials
2025-06-01 23:51:23.721: [INFO][SyncEngineBackend::DoUpdateCredentials] Update credentials
2025-06-02 00:50:18.537: [INFO][Sync] Reset engine, reason: 0
2025-06-02 00:50:18.537: [INFO][Sync] Reset engine with reason: 0
